SF:/Volumes/Everything/Development/openrouter_api/src/api/analytics.rs
FN:92,_RNvMNtNtCsgl6iEIT30H0_14openrouter_api3api9analyticsNtB2_12AnalyticsApi12get_activity
FN:237,_RNvMNtNtCsgl6iEIT30H0_14openrouter_api3api9analyticsNtB2_12AnalyticsApi19get_recent_activity
FN:291,_RNvMNtNtCsgl6iEIT30H0_14openrouter_api3api9analyticsNtB2_12AnalyticsApi21get_activity_by_model
FN:349,_RNvMNtNtCsgl6iEIT30H0_14openrouter_api3api9analyticsNtB2_12AnalyticsApi24get_activity_by_provider
FN:196,_RNvMNtNtCsgl6iEIT30H0_14openrouter_api3api9analyticsNtB2_12AnalyticsApi26get_activity_by_date_range
FN:17,_RNvMNtNtCsgl6iEIT30H0_14openrouter_api3api9analyticsNtB2_12AnalyticsApi3new
FN:377,_RNvNtNtNtCsgYtBEIaUujk_14openrouter_api3api9analytics5testss_22test_analytics_api_new
FN:403,_RNvNtNtNtCsgYtBEIaUujk_14openrouter_api3api9analytics5testss_29test_activity_request_builder
FN:425,_RNvNtNtNtCsgYtBEIaUujk_14openrouter_api3api9analytics5testss_29test_query_parameter_encoding
FN:103,_RNCNCNvMNtNtCsgYtBEIaUujk_14openrouter_api3api9analyticsNtB6_12AnalyticsApi12get_activity00Ba_
FN:146,_RNCNCNvMNtNtCsgYtBEIaUujk_14openrouter_api3api9analyticsNtB6_12AnalyticsApi12get_activity0s_0Ba_
FN:92,_RNCNvMNtNtCsgYtBEIaUujk_14openrouter_api3api9analyticsNtB4_12AnalyticsApi12get_activity0B8_
FN:237,_RNCNvMNtNtCsgYtBEIaUujk_14openrouter_api3api9analyticsNtB4_12AnalyticsApi19get_recent_activity0B8_
FN:296,_RNCNvMNtNtCsgYtBEIaUujk_14openrouter_api3api9analyticsNtB4_12AnalyticsApi21get_activity_by_model0B8_
FN:354,_RNCNvMNtNtCsgYtBEIaUujk_14openrouter_api3api9analyticsNtB4_12AnalyticsApi24get_activity_by_provider0B8_
FN:200,_RNCNvMNtNtCsgYtBEIaUujk_14openrouter_api3api9analyticsNtB4_12AnalyticsApi26get_activity_by_date_range0B8_
FN:92,_RNvMNtNtCsgYtBEIaUujk_14openrouter_api3api9analyticsNtB2_12AnalyticsApi12get_activity
FN:237,_RNvMNtNtCsgYtBEIaUujk_14openrouter_api3api9analyticsNtB2_12AnalyticsApi19get_recent_activity
FN:291,_RNvMNtNtCsgYtBEIaUujk_14openrouter_api3api9analyticsNtB2_12AnalyticsApi21get_activity_by_model
FN:349,_RNvMNtNtCsgYtBEIaUujk_14openrouter_api3api9analyticsNtB2_12AnalyticsApi24get_activity_by_provider
FN:196,_RNvMNtNtCsgYtBEIaUujk_14openrouter_api3api9analyticsNtB2_12AnalyticsApi26get_activity_by_date_range
FN:17,_RNvMNtNtCsgYtBEIaUujk_14openrouter_api3api9analyticsNtB2_12AnalyticsApi3new
FNDA:0,_RNvMNtNtCsgl6iEIT30H0_14openrouter_api3api9analyticsNtB2_12AnalyticsApi12get_activity
FNDA:0,_RNvMNtNtCsgl6iEIT30H0_14openrouter_api3api9analyticsNtB2_12AnalyticsApi19get_recent_activity
FNDA:0,_RNvMNtNtCsgl6iEIT30H0_14openrouter_api3api9analyticsNtB2_12AnalyticsApi21get_activity_by_model
FNDA:0,_RNvMNtNtCsgl6iEIT30H0_14openrouter_api3api9analyticsNtB2_12AnalyticsApi24get_activity_by_provider
FNDA:0,_RNvMNtNtCsgl6iEIT30H0_14openrouter_api3api9analyticsNtB2_12AnalyticsApi26get_activity_by_date_range
FNDA:0,_RNvMNtNtCsgl6iEIT30H0_14openrouter_api3api9analyticsNtB2_12AnalyticsApi3new
FNDA:1,_RNvNtNtNtCsgYtBEIaUujk_14openrouter_api3api9analytics5testss_22test_analytics_api_new
FNDA:1,_RNvNtNtNtCsgYtBEIaUujk_14openrouter_api3api9analytics5testss_29test_activity_request_builder
FNDA:1,_RNvNtNtNtCsgYtBEIaUujk_14openrouter_api3api9analytics5testss_29test_query_parameter_encoding
FNDA:0,_RNCNCNvMNtNtCsgYtBEIaUujk_14openrouter_api3api9analyticsNtB6_12AnalyticsApi12get_activity00Ba_
FNDA:0,_RNCNCNvMNtNtCsgYtBEIaUujk_14openrouter_api3api9analyticsNtB6_12AnalyticsApi12get_activity0s_0Ba_
FNDA:0,_RNCNvMNtNtCsgYtBEIaUujk_14openrouter_api3api9analyticsNtB4_12AnalyticsApi12get_activity0B8_
FNDA:0,_RNCNvMNtNtCsgYtBEIaUujk_14openrouter_api3api9analyticsNtB4_12AnalyticsApi19get_recent_activity0B8_
FNDA:0,_RNCNvMNtNtCsgYtBEIaUujk_14openrouter_api3api9analyticsNtB4_12AnalyticsApi21get_activity_by_model0B8_
FNDA:0,_RNCNvMNtNtCsgYtBEIaUujk_14openrouter_api3api9analyticsNtB4_12AnalyticsApi24get_activity_by_provider0B8_
FNDA:0,_RNCNvMNtNtCsgYtBEIaUujk_14openrouter_api3api9analyticsNtB4_12AnalyticsApi26get_activity_by_date_range0B8_
FNDA:0,_RNvMNtNtCsgYtBEIaUujk_14openrouter_api3api9analyticsNtB2_12AnalyticsApi12get_activity
FNDA:0,_RNvMNtNtCsgYtBEIaUujk_14openrouter_api3api9analyticsNtB2_12AnalyticsApi19get_recent_activity
FNDA:0,_RNvMNtNtCsgYtBEIaUujk_14openrouter_api3api9analyticsNtB2_12AnalyticsApi21get_activity_by_model
FNDA:0,_RNvMNtNtCsgYtBEIaUujk_14openrouter_api3api9analyticsNtB2_12AnalyticsApi24get_activity_by_provider
FNDA:0,_RNvMNtNtCsgYtBEIaUujk_14openrouter_api3api9analyticsNtB2_12AnalyticsApi26get_activity_by_date_range
FNDA:3,_RNvMNtNtCsgYtBEIaUujk_14openrouter_api3api9analyticsNtB2_12AnalyticsApi3new
FNF:16
FNH:4
DA:17,3
DA:19,3
DA:20,3
DA:22,3
DA:92,0
DA:94,0
DA:97,0
DA:98,0
DA:99,0
DA:100,0
DA:101,0
DA:103,0
DA:104,0
DA:105,0
DA:108,0
DA:110,0
DA:111,0
DA:112,0
DA:114,0
DA:115,0
DA:116,0
DA:118,0
DA:119,0
DA:120,0
DA:122,0
DA:123,0
DA:124,0
DA:126,0
DA:127,0
DA:128,0
DA:130,0
DA:131,0
DA:132,0
DA:134,0
DA:135,0
DA:136,0
DA:138,0
DA:139,0
DA:140,0
DA:143,0
DA:146,0
DA:147,0
DA:150,0
DA:151,0
DA:152,0
DA:154,0
DA:155,0
DA:156,0
DA:159,0
DA:160,0
DA:196,0
DA:197,0
DA:198,0
DA:199,0
DA:200,0
DA:201,0
DA:202,0
DA:203,0
DA:204,0
DA:205,0
DA:207,0
DA:208,0
DA:237,0
DA:239,0
DA:240,0
DA:241,0
DA:242,0
DA:243,0
DA:245,0
DA:246,0
DA:247,0
DA:248,0
DA:249,0
DA:250,0
DA:252,0
DA:253,0
DA:291,0
DA:292,0
DA:293,0
DA:294,0
DA:295,0
DA:296,0
DA:297,0
DA:298,0
DA:299,0
DA:300,0
DA:302,0
DA:303,0
DA:304,0
DA:306,0
DA:307,0
DA:308,0
DA:310,0
DA:311,0
DA:349,0
DA:350,0
DA:351,0
DA:352,0
DA:353,0
DA:354,0
DA:355,0
DA:356,0
DA:357,0
DA:358,0
DA:360,0
DA:361,0
DA:362,0
DA:364,0
DA:365,0
DA:366,0
DA:368,0
DA:369,0
DA:377,1
DA:382,1
DA:383,1
DA:384,1
DA:385,1
DA:386,1
DA:387,1
DA:388,1
DA:389,1
DA:390,1
DA:391,1
DA:393,1
DA:394,1
DA:398,1
DA:399,1
DA:400,1
DA:403,1
DA:404,1
DA:405,1
DA:406,1
DA:407,1
DA:408,1
DA:409,1
DA:410,1
DA:411,1
DA:412,1
DA:414,1
DA:415,1
DA:416,1
DA:417,1
DA:418,1
DA:419,1
DA:420,1
DA:421,1
DA:422,1
DA:425,1
DA:427,1
DA:428,1
DA:429,1
DA:431,1
DA:432,1
DA:434,1
DA:436,1
DA:437,1
BRF:0
BRH:0
LF:163
LH:48
end_of_record
SF:/Volumes/Everything/Development/openrouter_api/src/api/chat.rs
FN:170,_RNCNCNCNvMNtNtCsgl6iEIT30H0_14openrouter_api3api4chatNtB8_7ChatApi22chat_completion_streams2_0s_00Bc_
FN:160,_RNCNCNvMNtNtCsgl6iEIT30H0_14openrouter_api3api4chatNtB6_7ChatApi22chat_completion_streams2_00Ba_
FN:182,_RNCNCNvMNtNtCsgl6iEIT30H0_14openrouter_api3api4chatNtB6_7ChatApi22chat_completion_streams2_0s0_0Ba_
FN:203,_RNCNCNvMNtNtCsgl6iEIT30H0_14openrouter_api3api4chatNtB6_7ChatApi22chat_completion_streams2_0s1_0Ba_
FN:168,_RNCNCNvMNtNtCsgl6iEIT30H0_14openrouter_api3api4chatNtB6_7ChatApi22chat_completion_streams2_0s_0Ba_
FN:110,_RNCNvMNtNtCsgl6iEIT30H0_14openrouter_api3api4chatNtB4_7ChatApi22chat_completion_stream0B8_
FN:125,_RNCNvMNtNtCsgl6iEIT30H0_14openrouter_api3api4chatNtB4_7ChatApi22chat_completion_streams0_0B8_
FN:139,_RNCNvMNtNtCsgl6iEIT30H0_14openrouter_api3api4chatNtB4_7ChatApi22chat_completion_streams1_0B8_
FN:114,_RNCNvMNtNtCsgl6iEIT30H0_14openrouter_api3api4chatNtB4_7ChatApi22chat_completion_streams_0B8_
FN:45,_RNvMNtNtCsgl6iEIT30H0_14openrouter_api3api4chatNtB2_7ChatApi15chat_completion
FN:259,_RNvMNtNtCsgl6iEIT30H0_14openrouter_api3api4chatNtB2_7ChatApi17simple_completion
FN:100,_RNvMNtNtCsgl6iEIT30H0_14openrouter_api3api4chatNtB2_7ChatApi22chat_completion_stream
FN:37,_RNvMNtNtCsgl6iEIT30H0_14openrouter_api3api4chatNtB2_7ChatApi3new
FN:170,_RNCNCNCNvMNtNtCsgYtBEIaUujk_14openrouter_api3api4chatNtB8_7ChatApi22chat_completion_streams2_0s_00Bc_
FN:60,_RNCNCNvMNtNtCsgYtBEIaUujk_14openrouter_api3api4chatNtB6_7ChatApi15chat_completion00Ba_
FN:69,_RNCNCNvMNtNtCsgYtBEIaUujk_14openrouter_api3api4chatNtB6_7ChatApi15chat_completion0s_0Ba_
FN:160,_RNCNCNvMNtNtCsgYtBEIaUujk_14openrouter_api3api4chatNtB6_7ChatApi22chat_completion_streams2_00Ba_
FN:182,_RNCNCNvMNtNtCsgYtBEIaUujk_14openrouter_api3api4chatNtB6_7ChatApi22chat_completion_streams2_0s0_0Ba_
FN:203,_RNCNCNvMNtNtCsgYtBEIaUujk_14openrouter_api3api4chatNtB6_7ChatApi22chat_completion_streams2_0s1_0Ba_
FN:168,_RNCNCNvMNtNtCsgYtBEIaUujk_14openrouter_api3api4chatNtB6_7ChatApi22chat_completion_streams2_0s_0Ba_
FN:48,_RNCNvMNtNtCsgYtBEIaUujk_14openrouter_api3api4chatNtB4_7ChatApi15chat_completion0B8_
FN:259,_RNCNvMNtNtCsgYtBEIaUujk_14openrouter_api3api4chatNtB4_7ChatApi17simple_completion0B8_
FN:110,_RNCNvMNtNtCsgYtBEIaUujk_14openrouter_api3api4chatNtB4_7ChatApi22chat_completion_stream0B8_
FN:125,_RNCNvMNtNtCsgYtBEIaUujk_14openrouter_api3api4chatNtB4_7ChatApi22chat_completion_streams0_0B8_
FN:139,_RNCNvMNtNtCsgYtBEIaUujk_14openrouter_api3api4chatNtB4_7ChatApi22chat_completion_streams1_0B8_
FN:114,_RNCNvMNtNtCsgYtBEIaUujk_14openrouter_api3api4chatNtB4_7ChatApi22chat_completion_streams_0B8_
FN:45,_RNvMNtNtCsgYtBEIaUujk_14openrouter_api3api4chatNtB2_7ChatApi15chat_completion
FN:259,_RNvMNtNtCsgYtBEIaUujk_14openrouter_api3api4chatNtB2_7ChatApi17simple_completion
FN:100,_RNvMNtNtCsgYtBEIaUujk_14openrouter_api3api4chatNtB2_7ChatApi22chat_completion_stream
FN:37,_RNvMNtNtCsgYtBEIaUujk_14openrouter_api3api4chatNtB2_7ChatApi3new
FNDA:0,_RNCNCNCNvMNtNtCsgl6iEIT30H0_14openrouter_api3api4chatNtB8_7ChatApi22chat_completion_streams2_0s_00Bc_
FNDA:0,_RNCNCNvMNtNtCsgl6iEIT30H0_14openrouter_api3api4chatNtB6_7ChatApi22chat_completion_streams2_00Ba_
FNDA:0,_RNCNCNvMNtNtCsgl6iEIT30H0_14openrouter_api3api4chatNtB6_7ChatApi22chat_completion_streams2_0s0_0Ba_
FNDA:0,_RNCNCNvMNtNtCsgl6iEIT30H0_14openrouter_api3api4chatNtB6_7ChatApi22chat_completion_streams2_0s1_0Ba_
FNDA:0,_RNCNCNvMNtNtCsgl6iEIT30H0_14openrouter_api3api4chatNtB6_7ChatApi22chat_completion_streams2_0s_0Ba_
FNDA:0,_RNCNvMNtNtCsgl6iEIT30H0_14openrouter_api3api4chatNtB4_7ChatApi22chat_completion_stream0B8_
FNDA:0,_RNCNvMNtNtCsgl6iEIT30H0_14openrouter_api3api4chatNtB4_7ChatApi22chat_completion_streams0_0B8_
FNDA:0,_RNCNvMNtNtCsgl6iEIT30H0_14openrouter_api3api4chatNtB4_7ChatApi22chat_completion_streams1_0B8_
FNDA:0,_RNCNvMNtNtCsgl6iEIT30H0_14openrouter_api3api4chatNtB4_7ChatApi22chat_completion_streams_0B8_
FNDA:0,_RNvMNtNtCsgl6iEIT30H0_14openrouter_api3api4chatNtB2_7ChatApi15chat_completion
FNDA:0,_RNvMNtNtCsgl6iEIT30H0_14openrouter_api3api4chatNtB2_7ChatApi17simple_completion
FNDA:0,_RNvMNtNtCsgl6iEIT30H0_14openrouter_api3api4chatNtB2_7ChatApi22chat_completion_stream
FNDA:0,_RNvMNtNtCsgl6iEIT30H0_14openrouter_api3api4chatNtB2_7ChatApi3new
FNDA:0,_RNCNCNCNvMNtNtCsgYtBEIaUujk_14openrouter_api3api4chatNtB8_7ChatApi22chat_completion_streams2_0s_00Bc_
FNDA:0,_RNCNCNvMNtNtCsgYtBEIaUujk_14openrouter_api3api4chatNtB6_7ChatApi15chat_completion00Ba_
FNDA:0,_RNCNCNvMNtNtCsgYtBEIaUujk_14openrouter_api3api4chatNtB6_7ChatApi15chat_completion0s_0Ba_
FNDA:0,_RNCNCNvMNtNtCsgYtBEIaUujk_14openrouter_api3api4chatNtB6_7ChatApi22chat_completion_streams2_00Ba_
FNDA:0,_RNCNCNvMNtNtCsgYtBEIaUujk_14openrouter_api3api4chatNtB6_7ChatApi22chat_completion_streams2_0s0_0Ba_
FNDA:0,_RNCNCNvMNtNtCsgYtBEIaUujk_14openrouter_api3api4chatNtB6_7ChatApi22chat_completion_streams2_0s1_0Ba_
FNDA:0,_RNCNCNvMNtNtCsgYtBEIaUujk_14openrouter_api3api4chatNtB6_7ChatApi22chat_completion_streams2_0s_0Ba_
FNDA:0,_RNCNvMNtNtCsgYtBEIaUujk_14openrouter_api3api4chatNtB4_7ChatApi15chat_completion0B8_
FNDA:0,_RNCNvMNtNtCsgYtBEIaUujk_14openrouter_api3api4chatNtB4_7ChatApi17simple_completion0B8_
FNDA:0,_RNCNvMNtNtCsgYtBEIaUujk_14openrouter_api3api4chatNtB4_7ChatApi22chat_completion_stream0B8_
FNDA:0,_RNCNvMNtNtCsgYtBEIaUujk_14openrouter_api3api4chatNtB4_7ChatApi22chat_completion_streams0_0B8_
FNDA:0,_RNCNvMNtNtCsgYtBEIaUujk_14openrouter_api3api4chatNtB4_7ChatApi22chat_completion_streams1_0B8_
FNDA:0,_RNCNvMNtNtCsgYtBEIaUujk_14openrouter_api3api4chatNtB4_7ChatApi22chat_completion_streams_0B8_
FNDA:0,_RNvMNtNtCsgYtBEIaUujk_14openrouter_api3api4chatNtB2_7ChatApi15chat_completion
FNDA:0,_RNvMNtNtCsgYtBEIaUujk_14openrouter_api3api4chatNtB2_7ChatApi17simple_completion
FNDA:0,_RNvMNtNtCsgYtBEIaUujk_14openrouter_api3api4chatNtB2_7ChatApi22chat_completion_stream
FNDA:0,_RNvMNtNtCsgYtBEIaUujk_14openrouter_api3api4chatNtB2_7ChatApi3new
FNF:17
FNH:0
DA:37,0
DA:39,0
DA:40,0
DA:42,0
DA:45,0
DA:46,0
DA:47,0
DA:48,0
DA:50,0
DA:51,0
DA:54,0
DA:55,0
DA:56,0
DA:57,0
DA:58,0
DA:60,0
DA:61,0
DA:62,0
DA:65,0
DA:68,0
DA:69,0
DA:70,0
DA:71,0
DA:72,0
DA:73,0
DA:74,0
DA:75,0
DA:78,0
DA:79,0
DA:82,0
DA:83,0
DA:84,0
DA:85,0
DA:86,0
DA:87,0
DA:88,0
DA:89,0
DA:90,0
DA:92,0
DA:95,0
DA:96,0
DA:100,0
DA:101,0
DA:102,0
DA:103,0
DA:104,0
DA:105,0
DA:106,0
DA:109,0
DA:110,0
DA:111,0
DA:113,0
DA:114,0
DA:115,0
DA:118,0
DA:119,0
DA:122,0
DA:123,0
DA:124,0
DA:125,0
DA:126,0
DA:127,0
DA:128,0
DA:129,0
DA:130,0
DA:131,0
DA:136,0
DA:137,0
DA:138,0
DA:139,0
DA:140,0
DA:141,0
DA:142,0
DA:143,0
DA:144,0
DA:145,0
DA:148,0
DA:152,0
DA:160,0
DA:161,0
DA:162,0
DA:163,0
DA:164,0
DA:165,0
DA:166,0
DA:168,0
DA:170,0
DA:171,0
DA:172,0
DA:174,0
DA:182,0
DA:203,0
DA:255,0
DA:256,0
DA:259,0
DA:260,0
DA:261,0
DA:262,0
DA:263,0
DA:264,0
DA:265,0
DA:266,0
DA:267,0
DA:268,0
DA:269,0
DA:270,0
DA:271,0
DA:272,0
DA:273,0
DA:274,0
DA:275,0
DA:276,0
DA:277,0
DA:278,0
DA:279,0
DA:280,0
DA:281,0
DA:282,0
DA:283,0
DA:284,0
DA:285,0
DA:286,0
DA:287,0
DA:288,0
DA:289,0
DA:290,0
DA:292,0
DA:294,0
DA:295,0
DA:296,0
DA:297,0
DA:298,0
DA:300,0
BRF:0
BRH:0
LF:142
LH:0
end_of_record
SF:/Volumes/Everything/Development/openrouter_api/src/api/completion.rs
FN:27,_RNvMNtNtCsgl6iEIT30H0_14openrouter_api3api10completionNtB2_13CompletionApi15text_completion
FN:18,_RNvMNtNtCsgl6iEIT30H0_14openrouter_api3api10completionNtB2_13CompletionApi3new
FN:38,_RNCNCNvMNtNtCsgYtBEIaUujk_14openrouter_api3api10completionNtB6_13CompletionApi15text_completion00Ba_
FN:47,_RNCNCNvMNtNtCsgYtBEIaUujk_14openrouter_api3api10completionNtB6_13CompletionApi15text_completion0s_0Ba_
FN:27,_RNCNvMNtNtCsgYtBEIaUujk_14openrouter_api3api10completionNtB4_13CompletionApi15text_completion0B8_
FN:27,_RNvMNtNtCsgYtBEIaUujk_14openrouter_api3api10completionNtB2_13CompletionApi15text_completion
FN:18,_RNvMNtNtCsgYtBEIaUujk_14openrouter_api3api10completionNtB2_13CompletionApi3new
FNDA:0,_RNvMNtNtCsgl6iEIT30H0_14openrouter_api3api10completionNtB2_13CompletionApi15text_completion
FNDA:0,_RNvMNtNtCsgl6iEIT30H0_14openrouter_api3api10completionNtB2_13CompletionApi3new
FNDA:0,_RNCNCNvMNtNtCsgYtBEIaUujk_14openrouter_api3api10completionNtB6_13CompletionApi15text_completion00Ba_
FNDA:0,_RNCNCNvMNtNtCsgYtBEIaUujk_14openrouter_api3api10completionNtB6_13CompletionApi15text_completion0s_0Ba_
FNDA:0,_RNCNvMNtNtCsgYtBEIaUujk_14openrouter_api3api10completionNtB4_13CompletionApi15text_completion0B8_
FNDA:0,_RNvMNtNtCsgYtBEIaUujk_14openrouter_api3api10completionNtB2_13CompletionApi15text_completion
FNDA:0,_RNvMNtNtCsgYtBEIaUujk_14openrouter_api3api10completionNtB2_13CompletionApi3new
FNF:5
FNH:0
DA:18,0
DA:20,0
DA:21,0
DA:23,0
DA:27,0
DA:29,0
DA:32,0
DA:33,0
DA:34,0
DA:35,0
DA:36,0
DA:38,0
DA:39,0
DA:40,0
DA:43,0
DA:46,0
DA:47,0
DA:48,0
DA:49,0
DA:50,0
DA:51,0
DA:52,0
DA:53,0
DA:56,0
DA:57,0
BRF:0
BRH:0
LF:28
LH:0
end_of_record
SF:/Volumes/Everything/Development/openrouter_api/src/api/credits.rs
FN:62,_RNvMNtNtCsgl6iEIT30H0_14openrouter_api3api7creditsNtB2_10CreditsApi11get_balance
FN:15,_RNvMNtNtCsgl6iEIT30H0_14openrouter_api3api7creditsNtB2_10CreditsApi3new
FN:15,_RNvMNtNtCsgYtBEIaUujk_14openrouter_api3api7creditsNtB2_10CreditsApi3new
FN:70,_RNCNCNvMNtNtCsgYtBEIaUujk_14openrouter_api3api7creditsNtB6_10CreditsApi11get_balance00Ba_
FN:78,_RNCNCNvMNtNtCsgYtBEIaUujk_14openrouter_api3api7creditsNtB6_10CreditsApi11get_balance0s_0Ba_
FN:62,_RNCNvMNtNtCsgYtBEIaUujk_14openrouter_api3api7creditsNtB4_10CreditsApi11get_balance0B8_
FN:62,_RNvMNtNtCsgYtBEIaUujk_14openrouter_api3api7creditsNtB2_10CreditsApi11get_balance
FN:93,_RNvNtNtNtCsgYtBEIaUujk_14openrouter_api3api7credits5testss_20test_credits_api_new
FNDA:0,_RNvMNtNtCsgl6iEIT30H0_14openrouter_api3api7creditsNtB2_10CreditsApi11get_balance
FNDA:0,_RNvMNtNtCsgl6iEIT30H0_14openrouter_api3api7creditsNtB2_10CreditsApi3new
FNDA:2,_RNvMNtNtCsgYtBEIaUujk_14openrouter_api3api7creditsNtB2_10CreditsApi3new
FNDA:0,_RNCNCNvMNtNtCsgYtBEIaUujk_14openrouter_api3api7creditsNtB6_10CreditsApi11get_balance00Ba_
FNDA:0,_RNCNCNvMNtNtCsgYtBEIaUujk_14openrouter_api3api7creditsNtB6_10CreditsApi11get_balance0s_0Ba_
FNDA:0,_RNCNvMNtNtCsgYtBEIaUujk_14openrouter_api3api7creditsNtB4_10CreditsApi11get_balance0B8_
FNDA:0,_RNvMNtNtCsgYtBEIaUujk_14openrouter_api3api7creditsNtB2_10CreditsApi11get_balance
FNDA:1,_RNvNtNtNtCsgYtBEIaUujk_14openrouter_api3api7credits5testss_20test_credits_api_new
FNF:6
FNH:2
DA:15,2
DA:17,2
DA:18,2
DA:20,2
DA:62,0
DA:64,0
DA:65,0
DA:66,0
DA:67,0
DA:68,0
DA:70,0
DA:71,0
DA:72,0
DA:75,0
DA:78,0
DA:79,0
DA:80,0
DA:81,0
DA:84,0
DA:85,0
DA:93,1
DA:98,1
DA:99,1
DA:100,1
DA:101,1
DA:102,1
DA:103,1
DA:104,1
DA:105,1
DA:106,1
DA:107,1
DA:109,1
DA:110,1
DA:114,1
DA:115,1
DA:116,1
BRF:0
BRH:0
LF:39
LH:20
end_of_record
SF:/Volumes/Everything/Development/openrouter_api/src/api/generation.rs
FN:89,_RNvMNtNtCsgl6iEIT30H0_14openrouter_api3api10generationNtB2_13GenerationApi14get_generation
FN:18,_RNvMNtNtCsgl6iEIT30H0_14openrouter_api3api10generationNtB2_13GenerationApi3new
FN:177,_RNCNvNtNtNtCsgYtBEIaUujk_14openrouter_api3api10generation5testss_29test_generation_id_validation0B9_
FN:185,_RNCNvNtNtNtCsgYtBEIaUujk_14openrouter_api3api10generation5testss_29test_generation_id_validations0_0B9_
FN:181,_RNCNvNtNtNtCsgYtBEIaUujk_14openrouter_api3api10generation5testss_29test_generation_id_validations_0B9_
FN:89,_RNvMNtNtCsgYtBEIaUujk_14openrouter_api3api10generationNtB2_13GenerationApi14get_generation
FN:18,_RNvMNtNtCsgYtBEIaUujk_14openrouter_api3api10generationNtB2_13GenerationApi3new
FN:104,_RNCNCNvMNtNtCsgYtBEIaUujk_14openrouter_api3api10generationNtB6_13GenerationApi14get_generation00Ba_
FN:113,_RNCNCNvMNtNtCsgYtBEIaUujk_14openrouter_api3api10generationNtB6_13GenerationApi14get_generation0s_0Ba_
FN:89,_RNCNvMNtNtCsgYtBEIaUujk_14openrouter_api3api10generationNtB4_13GenerationApi14get_generation0B8_
FN:131,_RNvNtNtNtCsgYtBEIaUujk_14openrouter_api3api10generation5testss_23test_generation_api_new
FN:157,_RNvNtNtNtCsgYtBEIaUujk_14openrouter_api3api10generation5testss_29test_generation_id_validation
FNDA:0,_RNvMNtNtCsgl6iEIT30H0_14openrouter_api3api10generationNtB2_13GenerationApi14get_generation
FNDA:0,_RNvMNtNtCsgl6iEIT30H0_14openrouter_api3api10generationNtB2_13GenerationApi3new
FNDA:1,_RNCNvNtNtNtCsgYtBEIaUujk_14openrouter_api3api10generation5testss_29test_generation_id_validation0B9_
FNDA:1,_RNCNvNtNtNtCsgYtBEIaUujk_14openrouter_api3api10generation5testss_29test_generation_id_validations0_0B9_
FNDA:1,_RNCNvNtNtNtCsgYtBEIaUujk_14openrouter_api3api10generation5testss_29test_generation_id_validations_0B9_
FNDA:3,_RNvMNtNtCsgYtBEIaUujk_14openrouter_api3api10generationNtB2_13GenerationApi14get_generation
FNDA:3,_RNvMNtNtCsgYtBEIaUujk_14openrouter_api3api10generationNtB2_13GenerationApi3new
FNDA:0,_RNCNCNvMNtNtCsgYtBEIaUujk_14openrouter_api3api10generationNtB6_13GenerationApi14get_generation00Ba_
FNDA:1,_RNCNCNvMNtNtCsgYtBEIaUujk_14openrouter_api3api10generationNtB6_13GenerationApi14get_generation0s_0Ba_
FNDA:3,_RNCNvMNtNtCsgYtBEIaUujk_14openrouter_api3api10generationNtB4_13GenerationApi14get_generation0B8_
FNDA:1,_RNvNtNtNtCsgYtBEIaUujk_14openrouter_api3api10generation5testss_23test_generation_api_new
FNDA:1,_RNvNtNtNtCsgYtBEIaUujk_14openrouter_api3api10generation5testss_29test_generation_id_validation
FNF:10
FNH:9
DA:18,3
DA:20,3
DA:21,3
DA:23,3
DA:89,3
DA:91,3
DA:92,2
DA:93,2
DA:94,2
DA:95,1
DA:98,1
DA:99,1
DA:100,1
DA:101,1
DA:102,1
DA:104,0
DA:105,0
DA:106,0
DA:109,1
DA:112,1
DA:113,1
DA:114,1
DA:115,1
DA:116,1
DA:117,1
DA:118,1
DA:119,1
DA:122,1
DA:123,3
DA:131,1
DA:136,1
DA:137,1
DA:138,1
DA:139,1
DA:140,1
DA:141,1
DA:142,1
DA:143,1
DA:144,1
DA:145,1
DA:147,1
DA:148,1
DA:152,1
DA:153,1
DA:154,1
DA:157,1
DA:161,1
DA:162,1
DA:163,1
DA:164,1
DA:165,1
DA:166,1
DA:167,1
DA:168,1
DA:169,1
DA:170,1
DA:172,1
DA:173,1
DA:176,1
DA:177,1
DA:178,1
DA:181,1
DA:182,1
DA:185,1
DA:186,1
DA:187,1
BRF:0
BRH:0
LF:72
LH:68
end_of_record
SF:/Volumes/Everything/Development/openrouter_api/src/api/models.rs
FN:24,_RNvMNtNtCsgl6iEIT30H0_14openrouter_api3api6modelsNtB2_9ModelsApi11list_models
FN:16,_RNvMNtNtCsgl6iEIT30H0_14openrouter_api3api6modelsNtB2_9ModelsApi3new
FN:32,_RNCNCNvMNtNtCsgYtBEIaUujk_14openrouter_api3api6modelsNtB6_9ModelsApi11list_models00Ba_
FN:40,_RNCNCNvMNtNtCsgYtBEIaUujk_14openrouter_api3api6modelsNtB6_9ModelsApi11list_models0s_0Ba_
FN:24,_RNCNvMNtNtCsgYtBEIaUujk_14openrouter_api3api6modelsNtB4_9ModelsApi11list_models0B8_
FN:24,_RNvMNtNtCsgYtBEIaUujk_14openrouter_api3api6modelsNtB2_9ModelsApi11list_models
FN:16,_RNvMNtNtCsgYtBEIaUujk_14openrouter_api3api6modelsNtB2_9ModelsApi3new
FNDA:0,_RNvMNtNtCsgl6iEIT30H0_14openrouter_api3api6modelsNtB2_9ModelsApi11list_models
FNDA:0,_RNvMNtNtCsgl6iEIT30H0_14openrouter_api3api6modelsNtB2_9ModelsApi3new
FNDA:0,_RNCNCNvMNtNtCsgYtBEIaUujk_14openrouter_api3api6modelsNtB6_9ModelsApi11list_models00Ba_
FNDA:0,_RNCNCNvMNtNtCsgYtBEIaUujk_14openrouter_api3api6modelsNtB6_9ModelsApi11list_models0s_0Ba_
FNDA:0,_RNCNvMNtNtCsgYtBEIaUujk_14openrouter_api3api6modelsNtB4_9ModelsApi11list_models0B8_
FNDA:0,_RNvMNtNtCsgYtBEIaUujk_14openrouter_api3api6modelsNtB2_9ModelsApi11list_models
FNDA:0,_RNvMNtNtCsgYtBEIaUujk_14openrouter_api3api6modelsNtB2_9ModelsApi3new
FNF:5
FNH:0
DA:16,0
DA:18,0
DA:19,0
DA:21,0
DA:24,0
DA:26,0
DA:27,0
DA:28,0
DA:29,0
DA:30,0
DA:32,0
DA:33,0
DA:34,0
DA:37,0
DA:40,0
DA:41,0
DA:43,0
DA:44,0
DA:45,0
DA:47,0
DA:48,0
DA:49,0
DA:52,0
DA:53,0
BRF:0
BRH:0
LF:27
LH:0
end_of_record
SF:/Volumes/Everything/Development/openrouter_api/src/api/providers.rs
FN:70,_RNvMNtNtCsgl6iEIT30H0_14openrouter_api3api9providersNtB2_12ProvidersApi13get_providers
FN:395,_RNvMNtNtCsgl6iEIT30H0_14openrouter_api3api9providersNtB2_12ProvidersApi18get_provider_names
FN:360,_RNvMNtNtCsgl6iEIT30H0_14openrouter_api3api9providersNtB2_12ProvidersApi18get_provider_slugs
FN:189,_RNvMNtNtCsgl6iEIT30H0_14openrouter_api3api9providersNtB2_12ProvidersApi20get_provider_by_name
FN:139,_RNvMNtNtCsgl6iEIT30H0_14openrouter_api3api9providersNtB2_12ProvidersApi20get_provider_by_slug
FN:321,_RNvMNtNtCsgl6iEIT30H0_14openrouter_api3api9providersNtB2_12ProvidersApi30get_providers_with_status_page
FN:239,_RNvMNtNtCsgl6iEIT30H0_14openrouter_api3api9providersNtB2_12ProvidersApi33get_providers_with_privacy_policy
FN:280,_RNvMNtNtCsgl6iEIT30H0_14openrouter_api3api9providersNtB2_12ProvidersApi35get_providers_with_terms_of_service
FN:21,_RNvMNtNtCsgl6iEIT30H0_14openrouter_api3api9providersNtB2_12ProvidersApi3new
FN:429,_RNCNvNtNtNtCsgYtBEIaUujk_14openrouter_api3api9providers5testss_32test_providers_api_network_error0B9_
FN:465,_RNCNvNtNtNtCsgYtBEIaUujk_14openrouter_api3api9providers5testss_53test_provider_convenience_methods_with_empty_response0B9_
FN:90,_RNCNCNvMNtNtCsgYtBEIaUujk_14openrouter_api3api9providersNtB6_12ProvidersApi13get_providers00Ba_
FN:202,_RNCNCNvMNtNtCsgYtBEIaUujk_14openrouter_api3api9providersNtB6_12ProvidersApi20get_provider_by_name00Ba_
FN:152,_RNCNCNvMNtNtCsgYtBEIaUujk_14openrouter_api3api9providersNtB6_12ProvidersApi20get_provider_by_slug00Ba_
FN:70,_RNCNvMNtNtCsgYtBEIaUujk_14openrouter_api3api9providersNtB4_12ProvidersApi13get_providers0B8_
FN:395,_RNCNvMNtNtCsgYtBEIaUujk_14openrouter_api3api9providersNtB4_12ProvidersApi18get_provider_names0B8_
FN:360,_RNCNvMNtNtCsgYtBEIaUujk_14openrouter_api3api9providersNtB4_12ProvidersApi18get_provider_slugs0B8_
FN:189,_RNCNvMNtNtCsgYtBEIaUujk_14openrouter_api3api9providersNtB4_12ProvidersApi20get_provider_by_name0B8_
FN:139,_RNCNvMNtNtCsgYtBEIaUujk_14openrouter_api3api9providersNtB4_12ProvidersApi20get_provider_by_slug0B8_
FN:321,_RNCNvMNtNtCsgYtBEIaUujk_14openrouter_api3api9providersNtB4_12ProvidersApi30get_providers_with_status_page0B8_
FN:239,_RNCNvMNtNtCsgYtBEIaUujk_14openrouter_api3api9providersNtB4_12ProvidersApi33get_providers_with_privacy_policy0B8_
FN:280,_RNCNvMNtNtCsgYtBEIaUujk_14openrouter_api3api9providersNtB4_12ProvidersApi35get_providers_with_terms_of_service0B8_
FN:408,_RNvNtNtNtCsgYtBEIaUujk_14openrouter_api3api9providers5testss_22test_providers_api_new
FN:429,_RNvNtNtNtCsgYtBEIaUujk_14openrouter_api3api9providers5testss_32test_providers_api_network_error
FN:465,_RNvNtNtNtCsgYtBEIaUujk_14openrouter_api3api9providers5testss_53test_provider_convenience_methods_with_empty_response
FN:70,_RNvMNtNtCsgYtBEIaUujk_14openrouter_api3api9providersNtB2_12ProvidersApi13get_providers
FN:395,_RNvMNtNtCsgYtBEIaUujk_14openrouter_api3api9providersNtB2_12ProvidersApi18get_provider_names
FN:360,_RNvMNtNtCsgYtBEIaUujk_14openrouter_api3api9providersNtB2_12ProvidersApi18get_provider_slugs
FN:189,_RNvMNtNtCsgYtBEIaUujk_14openrouter_api3api9providersNtB2_12ProvidersApi20get_provider_by_name
FN:139,_RNvMNtNtCsgYtBEIaUujk_14openrouter_api3api9providersNtB2_12ProvidersApi20get_provider_by_slug
FN:321,_RNvMNtNtCsgYtBEIaUujk_14openrouter_api3api9providersNtB2_12ProvidersApi30get_providers_with_status_page
FN:239,_RNvMNtNtCsgYtBEIaUujk_14openrouter_api3api9providersNtB2_12ProvidersApi33get_providers_with_privacy_policy
FN:280,_RNvMNtNtCsgYtBEIaUujk_14openrouter_api3api9providersNtB2_12ProvidersApi35get_providers_with_terms_of_service
FN:21,_RNvMNtNtCsgYtBEIaUujk_14openrouter_api3api9providersNtB2_12ProvidersApi3new
FNDA:0,_RNvMNtNtCsgl6iEIT30H0_14openrouter_api3api9providersNtB2_12ProvidersApi13get_providers
FNDA:0,_RNvMNtNtCsgl6iEIT30H0_14openrouter_api3api9providersNtB2_12ProvidersApi18get_provider_names
FNDA:0,_RNvMNtNtCsgl6iEIT30H0_14openrouter_api3api9providersNtB2_12ProvidersApi18get_provider_slugs
FNDA:0,_RNvMNtNtCsgl6iEIT30H0_14openrouter_api3api9providersNtB2_12ProvidersApi20get_provider_by_name
FNDA:0,_RNvMNtNtCsgl6iEIT30H0_14openrouter_api3api9providersNtB2_12ProvidersApi20get_provider_by_slug
FNDA:0,_RNvMNtNtCsgl6iEIT30H0_14openrouter_api3api9providersNtB2_12ProvidersApi30get_providers_with_status_page
FNDA:0,_RNvMNtNtCsgl6iEIT30H0_14openrouter_api3api9providersNtB2_12ProvidersApi33get_providers_with_privacy_policy
FNDA:0,_RNvMNtNtCsgl6iEIT30H0_14openrouter_api3api9providersNtB2_12ProvidersApi35get_providers_with_terms_of_service
FNDA:0,_RNvMNtNtCsgl6iEIT30H0_14openrouter_api3api9providersNtB2_12ProvidersApi3new
FNDA:1,_RNCNvNtNtNtCsgYtBEIaUujk_14openrouter_api3api9providers5testss_32test_providers_api_network_error0B9_
FNDA:1,_RNCNvNtNtNtCsgYtBEIaUujk_14openrouter_api3api9providers5testss_53test_provider_convenience_methods_with_empty_response0B9_
FNDA:32,_RNCNCNvMNtNtCsgYtBEIaUujk_14openrouter_api3api9providersNtB6_12ProvidersApi13get_providers00Ba_
FNDA:0,_RNCNCNvMNtNtCsgYtBEIaUujk_14openrouter_api3api9providersNtB6_12ProvidersApi20get_provider_by_name00Ba_
FNDA:0,_RNCNCNvMNtNtCsgYtBEIaUujk_14openrouter_api3api9providersNtB6_12ProvidersApi20get_provider_by_slug00Ba_
FNDA:8,_RNCNvMNtNtCsgYtBEIaUujk_14openrouter_api3api9providersNtB4_12ProvidersApi13get_providers0B8_
FNDA:1,_RNCNvMNtNtCsgYtBEIaUujk_14openrouter_api3api9providersNtB4_12ProvidersApi18get_provider_names0B8_
FNDA:1,_RNCNvMNtNtCsgYtBEIaUujk_14openrouter_api3api9providersNtB4_12ProvidersApi18get_provider_slugs0B8_
FNDA:1,_RNCNvMNtNtCsgYtBEIaUujk_14openrouter_api3api9providersNtB4_12ProvidersApi20get_provider_by_name0B8_
FNDA:1,_RNCNvMNtNtCsgYtBEIaUujk_14openrouter_api3api9providersNtB4_12ProvidersApi20get_provider_by_slug0B8_
FNDA:1,_RNCNvMNtNtCsgYtBEIaUujk_14openrouter_api3api9providersNtB4_12ProvidersApi30get_providers_with_status_page0B8_
FNDA:1,_RNCNvMNtNtCsgYtBEIaUujk_14openrouter_api3api9providersNtB4_12ProvidersApi33get_providers_with_privacy_policy0B8_
FNDA:1,_RNCNvMNtNtCsgYtBEIaUujk_14openrouter_api3api9providersNtB4_12ProvidersApi35get_providers_with_terms_of_service0B8_
FNDA:1,_RNvNtNtNtCsgYtBEIaUujk_14openrouter_api3api9providers5testss_22test_providers_api_new
FNDA:1,_RNvNtNtNtCsgYtBEIaUujk_14openrouter_api3api9providers5testss_32test_providers_api_network_error
FNDA:1,_RNvNtNtNtCsgYtBEIaUujk_14openrouter_api3api9providers5testss_53test_provider_convenience_methods_with_empty_response
FNDA:8,_RNvMNtNtCsgYtBEIaUujk_14openrouter_api3api9providersNtB2_12ProvidersApi13get_providers
FNDA:1,_RNvMNtNtCsgYtBEIaUujk_14openrouter_api3api9providersNtB2_12ProvidersApi18get_provider_names
FNDA:1,_RNvMNtNtCsgYtBEIaUujk_14openrouter_api3api9providersNtB2_12ProvidersApi18get_provider_slugs
FNDA:1,_RNvMNtNtCsgYtBEIaUujk_14openrouter_api3api9providersNtB2_12ProvidersApi20get_provider_by_name
FNDA:1,_RNvMNtNtCsgYtBEIaUujk_14openrouter_api3api9providersNtB2_12ProvidersApi20get_provider_by_slug
FNDA:1,_RNvMNtNtCsgYtBEIaUujk_14openrouter_api3api9providersNtB2_12ProvidersApi30get_providers_with_status_page
FNDA:1,_RNvMNtNtCsgYtBEIaUujk_14openrouter_api3api9providersNtB2_12ProvidersApi33get_providers_with_privacy_policy
FNDA:1,_RNvMNtNtCsgYtBEIaUujk_14openrouter_api3api9providersNtB2_12ProvidersApi35get_providers_with_terms_of_service
FNDA:5,_RNvMNtNtCsgYtBEIaUujk_14openrouter_api3api9providersNtB2_12ProvidersApi3new
FNF:25
FNH:23
DA:21,5
DA:23,5
DA:24,5
DA:25,5
DA:27,5
DA:70,8
DA:72,8
DA:73,8
DA:74,8
DA:75,0
DA:76,8
DA:77,0
DA:80,8
DA:81,8
DA:83,0
DA:87,8
DA:90,32
DA:91,32
DA:92,32
DA:93,8
DA:96,0
DA:97,1
DA:100,0
DA:101,0
DA:102,0
DA:104,0
DA:105,8
DA:139,1
DA:141,1
DA:142,0
DA:143,0
DA:144,0
DA:145,1
DA:147,1
DA:149,0
DA:150,0
DA:151,0
DA:152,0
DA:153,0
DA:154,0
DA:155,1
DA:189,1
DA:191,1
DA:192,0
DA:193,0
DA:194,0
DA:195,1
DA:197,1
DA:199,0
DA:200,0
DA:201,0
DA:202,0
DA:203,0
DA:204,0
DA:205,1
DA:239,1
DA:240,1
DA:241,0
DA:242,0
DA:243,0
DA:244,0
DA:245,0
DA:246,1
DA:280,1
DA:281,1
DA:282,0
DA:283,0
DA:284,0
DA:285,0
DA:286,0
DA:287,1
DA:321,1
DA:322,1
DA:323,0
DA:324,0
DA:325,0
DA:326,0
DA:327,0
DA:328,1
DA:360,1
DA:361,1
DA:362,0
DA:363,1
DA:395,1
DA:396,1
DA:397,0
DA:398,1
DA:408,1
DA:409,1
DA:410,1
DA:411,1
DA:412,1
DA:413,1
DA:414,1
DA:415,1
DA:416,1
DA:417,1
DA:418,1
DA:419,1
DA:421,1
DA:426,1
DA:429,1
DA:430,1
DA:431,1
DA:432,1
DA:433,1
DA:434,1
DA:435,1
DA:436,1
DA:437,1
DA:438,1
DA:439,1
DA:440,1
DA:441,1
DA:442,1
DA:445,1
DA:446,1
DA:450,1
DA:451,1
DA:452,1
DA:453,1
DA:454,1
DA:455,1
DA:456,1
DA:457,1
DA:458,1
DA:459,1
DA:460,1
DA:461,1
DA:462,1
DA:465,1
DA:466,1
DA:467,1
DA:468,1
DA:469,1
DA:470,1
DA:471,1
DA:472,1
DA:473,1
DA:474,1
DA:475,1
DA:476,1
DA:477,1
DA:480,1
DA:481,1
DA:482,1
DA:483,1
DA:484,1
DA:485,1
DA:486,1
DA:487,1
DA:488,1
DA:489,1
DA:490,1
DA:491,1
DA:492,1
DA:493,1
DA:494,1
DA:495,1
DA:496,1
BRF:0
BRH:0
LF:182
LH:133
end_of_record
SF:/Volumes/Everything/Development/openrouter_api/src/api/request.rs
FN:87,_RINvMNtNtCsgl6iEIT30H0_14openrouter_api3api7requestINtB3_14RequestBuilderNtNtCsdLjdxSeljAF_10serde_json5value5ValueE3newNtNtCsk11oWLwBebd_5alloc6string6StringEB7_
FN:126,_RNvMNtNtCsgYtBEIaUujk_14openrouter_api3api7requestINtB2_14RequestBuilderpE10with_toolsB6_
FN:106,_RNvMNtNtCsgYtBEIaUujk_14openrouter_api3api7requestINtB2_14RequestBuilderpE22with_structured_outputB6_
FN:182,_RNvMs_NtNtCsgYtBEIaUujk_14openrouter_api3api7requestINtB4_14RequestBuilderNtNtCsdLjdxSeljAF_10serde_json5value5ValueE25with_provider_preferences
FN:87,_RINvMNtNtCsgYtBEIaUujk_14openrouter_api3api7requestINtB3_14RequestBuilderNtNtCsdLjdxSeljAF_10serde_json5value5ValueE3newReEB7_
FN:137,_RNvMNtNtCsgYtBEIaUujk_14openrouter_api3api7requestINtB2_14RequestBuilderNtNtCsdLjdxSeljAF_10serde_json5value5ValueE5buildB6_
FNDA:0,_RINvMNtNtCsgl6iEIT30H0_14openrouter_api3api7requestINtB3_14RequestBuilderNtNtCsdLjdxSeljAF_10serde_json5value5ValueE3newNtNtCsk11oWLwBebd_5alloc6string6StringEB7_
FNDA:0,_RNvMNtNtCsgYtBEIaUujk_14openrouter_api3api7requestINtB2_14RequestBuilderpE10with_toolsB6_
FNDA:0,_RNvMNtNtCsgYtBEIaUujk_14openrouter_api3api7requestINtB2_14RequestBuilderpE22with_structured_outputB6_
FNDA:1,_RNvMs_NtNtCsgYtBEIaUujk_14openrouter_api3api7requestINtB4_14RequestBuilderNtNtCsdLjdxSeljAF_10serde_json5value5ValueE25with_provider_preferences
FNDA:1,_RINvMNtNtCsgYtBEIaUujk_14openrouter_api3api7requestINtB3_14RequestBuilderNtNtCsdLjdxSeljAF_10serde_json5value5ValueE3newReEB7_
FNDA:1,_RNvMNtNtCsgYtBEIaUujk_14openrouter_api3api7requestINtB2_14RequestBuilderNtNtCsdLjdxSeljAF_10serde_json5value5ValueE5buildB6_
FNF:5
FNH:3
DA:87,1
DA:88,1
DA:89,1
DA:90,1
DA:91,1
DA:92,1
DA:93,1
DA:94,1
DA:95,1
DA:96,1
DA:97,1
DA:106,0
DA:107,0
DA:108,0
DA:109,0
DA:110,0
DA:111,0
DA:112,0
DA:113,0
DA:114,0
DA:115,0
DA:116,0
DA:117,0
DA:118,0
DA:119,0
DA:126,0
DA:127,0
DA:128,0
DA:129,0
DA:137,1
DA:138,1
DA:139,1
DA:140,1
DA:141,1
DA:142,1
DA:143,1
DA:144,1
DA:145,1
DA:182,1
DA:183,1
DA:184,1
DA:185,1
DA:187,1
DA:190,1
DA:191,1
DA:194,1
DA:195,1
DA:196,1
DA:198,1
DA:199,1
BRF:0
BRH:0
LF:50
LH:32
end_of_record
SF:/Volumes/Everything/Development/openrouter_api/src/api/structured.rs
FN:167,_RNvMNtNtCsgl6iEIT30H0_14openrouter_api3api10structuredNtB2_13StructuredApi23basic_schema_validation
FN:22,_RNvMNtNtCsgl6iEIT30H0_14openrouter_api3api10structuredNtB2_13StructuredApi3new
FN:31,_RINvMNtNtCsgYtBEIaUujk_14openrouter_api3api10structuredNtB3_13StructuredApi8generatepEB7_
FN:39,_RNCINvMNtNtCsgYtBEIaUujk_14openrouter_api3api10structuredNtB5_13StructuredApi8generatepE0B9_
FN:92,_RNCNCINvMNtNtCsgYtBEIaUujk_14openrouter_api3api10structuredNtB7_13StructuredApi8generatepE00Bb_
FN:145,_RNCNCINvMNtNtCsgYtBEIaUujk_14openrouter_api3api10structuredNtB7_13StructuredApi8generatepE0s0_0Bb_
FN:159,_RNCNCINvMNtNtCsgYtBEIaUujk_14openrouter_api3api10structuredNtB7_13StructuredApi8generatepE0s1_0Bb_
FN:112,_RNCNCINvMNtNtCsgYtBEIaUujk_14openrouter_api3api10structuredNtB7_13StructuredApi8generatepE0s_0Bb_
FN:167,_RNvMNtNtCsgYtBEIaUujk_14openrouter_api3api10structuredNtB2_13StructuredApi23basic_schema_validation
FN:22,_RNvMNtNtCsgYtBEIaUujk_14openrouter_api3api10structuredNtB2_13StructuredApi3new
FNDA:0,_RNvMNtNtCsgl6iEIT30H0_14openrouter_api3api10structuredNtB2_13StructuredApi23basic_schema_validation
FNDA:0,_RNvMNtNtCsgl6iEIT30H0_14openrouter_api3api10structuredNtB2_13StructuredApi3new
FNDA:0,_RINvMNtNtCsgYtBEIaUujk_14openrouter_api3api10structuredNtB3_13StructuredApi8generatepEB7_
FNDA:0,_RNCINvMNtNtCsgYtBEIaUujk_14openrouter_api3api10structuredNtB5_13StructuredApi8generatepE0B9_
FNDA:0,_RNCNCINvMNtNtCsgYtBEIaUujk_14openrouter_api3api10structuredNtB7_13StructuredApi8generatepE00Bb_
FNDA:0,_RNCNCINvMNtNtCsgYtBEIaUujk_14openrouter_api3api10structuredNtB7_13StructuredApi8generatepE0s0_0Bb_
FNDA:0,_RNCNCINvMNtNtCsgYtBEIaUujk_14openrouter_api3api10structuredNtB7_13StructuredApi8generatepE0s1_0Bb_
FNDA:0,_RNCNCINvMNtNtCsgYtBEIaUujk_14openrouter_api3api10structuredNtB7_13StructuredApi8generatepE0s_0Bb_
FNDA:0,_RNvMNtNtCsgYtBEIaUujk_14openrouter_api3api10structuredNtB2_13StructuredApi23basic_schema_validation
FNDA:0,_RNvMNtNtCsgYtBEIaUujk_14openrouter_api3api10structuredNtB2_13StructuredApi3new
FNF:8
FNH:0
DA:22,0
DA:24,0
DA:25,0
DA:27,0
DA:31,0
DA:32,0
DA:33,0
DA:34,0
DA:35,0
DA:36,0
DA:37,0
DA:38,0
DA:39,0
DA:41,0
DA:42,0
DA:43,0
DA:44,0
DA:45,0
DA:46,0
DA:47,0
DA:48,0
DA:49,0
DA:50,0
DA:51,0
DA:52,0
DA:53,0
DA:54,0
DA:55,0
DA:56,0
DA:57,0
DA:58,0
DA:59,0
DA:60,0
DA:61,0
DA:62,0
DA:63,0
DA:64,0
DA:65,0
DA:66,0
DA:67,0
DA:68,0
DA:69,0
DA:70,0
DA:71,0
DA:72,0
DA:73,0
DA:74,0
DA:75,0
DA:76,0
DA:77,0
DA:78,0
DA:79,0
DA:80,0
DA:81,0
DA:82,0
DA:83,0
DA:86,0
DA:87,0
DA:88,0
DA:89,0
DA:90,0
DA:92,0
DA:93,0
DA:94,0
DA:97,0
DA:98,0
DA:99,0
DA:100,0
DA:101,0
DA:102,0
DA:103,0
DA:108,0
DA:111,0
DA:112,0
DA:113,0
DA:114,0
DA:115,0
DA:116,0
DA:117,0
DA:118,0
DA:121,0
DA:122,0
DA:125,0
DA:126,0
DA:127,0
DA:128,0
DA:129,0
DA:130,0
DA:131,0
DA:133,0
DA:134,0
DA:136,0
DA:137,0
DA:138,0
DA:139,0
DA:140,0
DA:145,0
DA:146,0
DA:147,0
DA:150,0
DA:152,0
DA:153,0
DA:155,0
DA:156,0
DA:159,0
DA:160,0
DA:161,0
DA:162,0
DA:163,0
DA:164,0
DA:167,0
DA:169,0
DA:170,0
DA:171,0
DA:172,0
DA:173,0
DA:175,0
DA:178,0
DA:179,0
DA:180,0
DA:181,0
DA:182,0
DA:183,0
DA:184,0
DA:185,0
DA:186,0
DA:188,0
DA:189,0
DA:190,0
DA:191,0
DA:192,0
DA:193,0
DA:195,0
DA:196,0
DA:197,0
DA:198,0
DA:199,0
DA:200,0
DA:202,0
DA:203,0
DA:204,0
DA:205,0
DA:206,0
DA:207,0
DA:209,0
DA:210,0
DA:211,0
DA:212,0
DA:213,0
DA:214,0
DA:216,0
DA:218,0
DA:219,0
DA:222,0
DA:223,0
DA:224,0
DA:225,0
DA:226,0
DA:229,0
DA:230,0
DA:231,0
DA:232,0
DA:233,0
DA:234,0
DA:235,0
DA:236,0
DA:238,0
DA:239,0
DA:241,0
DA:242,0
BRF:0
BRH:0
LF:175
LH:0
end_of_record
SF:/Volumes/Everything/Development/openrouter_api/src/api/web_search.rs
FN:21,_RNvMNtNtCsgl6iEIT30H0_14openrouter_api3api10web_searchNtB2_12WebSearchApi3new
FN:29,_RNvMNtNtCsgl6iEIT30H0_14openrouter_api3api10web_searchNtB2_12WebSearchApi6search
FN:40,_RNCNCNvMNtNtCsgYtBEIaUujk_14openrouter_api3api10web_searchNtB6_12WebSearchApi6search00Ba_
FN:48,_RNCNCNvMNtNtCsgYtBEIaUujk_14openrouter_api3api10web_searchNtB6_12WebSearchApi6search0s_0Ba_
FN:29,_RNCNvMNtNtCsgYtBEIaUujk_14openrouter_api3api10web_searchNtB4_12WebSearchApi6search0B8_
FN:21,_RNvMNtNtCsgYtBEIaUujk_14openrouter_api3api10web_searchNtB2_12WebSearchApi3new
FN:29,_RNvMNtNtCsgYtBEIaUujk_14openrouter_api3api10web_searchNtB2_12WebSearchApi6search
FNDA:0,_RNvMNtNtCsgl6iEIT30H0_14openrouter_api3api10web_searchNtB2_12WebSearchApi3new
FNDA:0,_RNvMNtNtCsgl6iEIT30H0_14openrouter_api3api10web_searchNtB2_12WebSearchApi6search
FNDA:0,_RNCNCNvMNtNtCsgYtBEIaUujk_14openrouter_api3api10web_searchNtB6_12WebSearchApi6search00Ba_
FNDA:0,_RNCNCNvMNtNtCsgYtBEIaUujk_14openrouter_api3api10web_searchNtB6_12WebSearchApi6search0s_0Ba_
FNDA:0,_RNCNvMNtNtCsgYtBEIaUujk_14openrouter_api3api10web_searchNtB4_12WebSearchApi6search0B8_
FNDA:0,_RNvMNtNtCsgYtBEIaUujk_14openrouter_api3api10web_searchNtB2_12WebSearchApi3new
FNDA:0,_RNvMNtNtCsgYtBEIaUujk_14openrouter_api3api10web_searchNtB2_12WebSearchApi6search
FNF:5
FNH:0
DA:21,0
DA:23,0
DA:24,0
DA:26,0
DA:29,0
DA:31,0
DA:34,0
DA:35,0
DA:36,0
DA:37,0
DA:38,0
DA:40,0
DA:41,0
DA:42,0
DA:45,0
DA:48,0
DA:49,0
DA:50,0
DA:51,0
DA:52,0
DA:53,0
DA:54,0
DA:57,0
DA:58,0
DA:59,0
DA:60,0
BRF:0
BRH:0
LF:29
LH:0
end_of_record
SF:/Volumes/Everything/Development/openrouter_api/src/client.rs
FN:136,_RINvMs0_NtCsgl6iEIT30H0_14openrouter_api6clientNtB6_16OpenRouterClient12from_api_keyNtNtCsk11oWLwBebd_5alloc6string6StringEB8_
FN:213,_RINvMs1_NtCsgl6iEIT30H0_14openrouter_api6clientINtB6_16OpenRouterClientNtB6_6NoAuthE12with_api_keyNtNtCsk11oWLwBebd_5alloc6string6StringEB8_
FN:344,_RNCNvMs1_NtCsgl6iEIT30H0_14openrouter_api6clientINtB7_16OpenRouterClientNtB7_6NoAuthE19transition_to_ready0B9_
FN:434,_RNCNvMs2_NtCsgl6iEIT30H0_14openrouter_api6clientINtB7_16OpenRouterClientNtB7_5ReadyE10generation0B9_
FN:388,_RNCNvMs2_NtCsgl6iEIT30H0_14openrouter_api6clientINtB7_16OpenRouterClientNtB7_5ReadyE10structured0B9_
FN:397,_RNCNvMs2_NtCsgl6iEIT30H0_14openrouter_api6clientINtB7_16OpenRouterClientNtB7_5ReadyE10web_search0B9_
FN:370,_RNCNvMs2_NtCsgl6iEIT30H0_14openrouter_api6clientINtB7_16OpenRouterClientNtB7_5ReadyE11completions0B9_
FN:361,_RNCNvMs2_NtCsgl6iEIT30H0_14openrouter_api6clientINtB7_16OpenRouterClientNtB7_5ReadyE4chat0B9_
FN:379,_RNCNvMs2_NtCsgl6iEIT30H0_14openrouter_api6clientINtB7_16OpenRouterClientNtB7_5ReadyE6models0B9_
FN:406,_RNCNvMs2_NtCsgl6iEIT30H0_14openrouter_api6clientINtB7_16OpenRouterClientNtB7_5ReadyE7credits0B9_
FN:416,_RNCNvMs2_NtCsgl6iEIT30H0_14openrouter_api6clientINtB7_16OpenRouterClientNtB7_5ReadyE9analytics0B9_
FN:425,_RNCNvMs2_NtCsgl6iEIT30H0_14openrouter_api6clientINtB7_16OpenRouterClientNtB7_5ReadyE9providers0B9_
FN:196,_RNvMs0_NtCsgl6iEIT30H0_14openrouter_api6clientNtB5_16OpenRouterClient19model_with_shortcut
FN:179,_RNvMs0_NtCsgl6iEIT30H0_14openrouter_api6clientNtB5_16OpenRouterClient21transition_to_no_auth
FN:151,_RNvMs0_NtCsgl6iEIT30H0_14openrouter_api6clientNtB5_16OpenRouterClient22skip_url_configuration
FN:190,_RNvMs0_NtCsgl6iEIT30H0_14openrouter_api6clientNtB5_16OpenRouterClient23with_max_response_bytes
FN:114,_RNvMs0_NtCsgl6iEIT30H0_14openrouter_api6clientNtB5_16OpenRouterClient3new
FN:292,_RNvMs1_NtCsgl6iEIT30H0_14openrouter_api6clientINtB5_16OpenRouterClientNtB5_6NoAuthE12with_retries
FN:256,_RNvMs1_NtCsgl6iEIT30H0_14openrouter_api6clientINtB5_16OpenRouterClientNtB5_6NoAuthE12with_timeout
FN:306,_RNvMs1_NtCsgl6iEIT30H0_14openrouter_api6clientINtB5_16OpenRouterClientNtB5_6NoAuthE15without_retries
FN:286,_RNvMs1_NtCsgl6iEIT30H0_14openrouter_api6clientINtB5_16OpenRouterClientNtB5_6NoAuthE17with_retry_config
FN:262,_RNvMs1_NtCsgl6iEIT30H0_14openrouter_api6clientINtB5_16OpenRouterClientNtB5_6NoAuthE17with_timeout_secs
FN:334,_RNvMs1_NtCsgl6iEIT30H0_14openrouter_api6clientINtB5_16OpenRouterClientNtB5_6NoAuthE19transition_to_ready
FN:220,_RNvMs1_NtCsgl6iEIT30H0_14openrouter_api6clientINtB5_16OpenRouterClientNtB5_6NoAuthE19with_secure_api_key
FN:300,_RNvMs1_NtCsgl6iEIT30H0_14openrouter_api6clientINtB5_16OpenRouterClientNtB5_6NoAuthE23with_max_response_bytes
FN:312,_RNvMs1_NtCsgl6iEIT30H0_14openrouter_api6clientINtB5_16OpenRouterClientNtB5_6NoAuthE27with_model_coverage_profile
FN:321,_RNvMs1_NtCsgl6iEIT30H0_14openrouter_api6clientINtB5_16OpenRouterClientNtB5_6NoAuthE8with_zdr
FN:430,_RNvMs2_NtCsgl6iEIT30H0_14openrouter_api6clientINtB5_16OpenRouterClientNtB5_5ReadyE10generation
FN:384,_RNvMs2_NtCsgl6iEIT30H0_14openrouter_api6clientINtB5_16OpenRouterClientNtB5_5ReadyE10structured
FN:393,_RNvMs2_NtCsgl6iEIT30H0_14openrouter_api6clientINtB5_16OpenRouterClientNtB5_5ReadyE10web_search
FN:366,_RNvMs2_NtCsgl6iEIT30H0_14openrouter_api6clientINtB5_16OpenRouterClientNtB5_5ReadyE11completions
FN:563,_RNvMs2_NtCsgl6iEIT30H0_14openrouter_api6clientINtB5_16OpenRouterClientNtB5_5ReadyE19validate_tool_calls
FN:439,_RNvMs2_NtCsgl6iEIT30H0_14openrouter_api6clientINtB5_16OpenRouterClientNtB5_5ReadyE20chat_request_builder
FN:357,_RNvMs2_NtCsgl6iEIT30H0_14openrouter_api6clientINtB5_16OpenRouterClientNtB5_5ReadyE4chat
FN:375,_RNvMs2_NtCsgl6iEIT30H0_14openrouter_api6clientINtB5_16OpenRouterClientNtB5_5ReadyE6models
FN:402,_RNvMs2_NtCsgl6iEIT30H0_14openrouter_api6clientINtB5_16OpenRouterClientNtB5_5ReadyE7credits
FN:412,_RNvMs2_NtCsgl6iEIT30H0_14openrouter_api6clientINtB5_16OpenRouterClientNtB5_5ReadyE9analytics
FN:421,_RNvMs2_NtCsgl6iEIT30H0_14openrouter_api6clientINtB5_16OpenRouterClientNtB5_5ReadyE9providers
FN:92,_RNvMs_NtCsgl6iEIT30H0_14openrouter_api6clientINtB4_16OpenRouterClientNtB4_5ReadyE5quick
FN:61,_RNvMs_NtCsgl6iEIT30H0_14openrouter_api6clientINtB4_16OpenRouterClientNtB4_5ReadyE8from_env
FN:43,_RNvXNtCsgl6iEIT30H0_14openrouter_api6clientNtB2_16OpenRouterClientNtNtCs1FLWZe5rD62_4core7default7Default7default
FN:136,_RINvMs0_NtCsgYtBEIaUujk_14openrouter_api6clientNtB6_16OpenRouterClient12from_api_keypEB8_
FN:142,_RINvMs0_NtCsgYtBEIaUujk_14openrouter_api6clientNtB6_16OpenRouterClient20from_api_key_and_urlppEB8_
FN:227,_RINvMs1_NtCsgYtBEIaUujk_14openrouter_api6clientINtB6_16OpenRouterClientNtB6_6NoAuthE9configurepppEB8_
FN:495,_RINvMs2_NtCsgYtBEIaUujk_14openrouter_api6clientINtB6_16OpenRouterClientNtB6_5ReadyE15handle_responsepEB8_
FN:98,_RINvMs_NtCsgYtBEIaUujk_14openrouter_api6clientINtB5_16OpenRouterClientNtB5_5ReadyE10productionpppEB7_
FN:80,_RINvMs_NtCsgYtBEIaUujk_14openrouter_api6clientINtB5_16OpenRouterClientNtB5_5ReadyE20from_env_with_configppEB7_
FN:498,_RNCINvMs2_NtCsgYtBEIaUujk_14openrouter_api6clientINtB8_16OpenRouterClientNtB8_5ReadyE15handle_responsepE0Ba_
FN:547,_RNCNCINvMs2_NtCsgYtBEIaUujk_14openrouter_api6clientINtBa_16OpenRouterClientNtBa_5ReadyE15handle_responsepE00Bc_
FN:388,_RNCNvMs2_NtCsgYtBEIaUujk_14openrouter_api6clientINtB7_16OpenRouterClientNtB7_5ReadyE10structured0B9_
FN:397,_RNCNvMs2_NtCsgYtBEIaUujk_14openrouter_api6clientINtB7_16OpenRouterClientNtB7_5ReadyE10web_search0B9_
FN:370,_RNCNvMs2_NtCsgYtBEIaUujk_14openrouter_api6clientINtB7_16OpenRouterClientNtB7_5ReadyE11completions0B9_
FN:361,_RNCNvMs2_NtCsgYtBEIaUujk_14openrouter_api6clientINtB7_16OpenRouterClientNtB7_5ReadyE4chat0B9_
FN:379,_RNCNvMs2_NtCsgYtBEIaUujk_14openrouter_api6clientINtB7_16OpenRouterClientNtB7_5ReadyE6models0B9_
FN:196,_RNvMs0_NtCsgYtBEIaUujk_14openrouter_api6clientNtB5_16OpenRouterClient19model_with_shortcut
FN:151,_RNvMs0_NtCsgYtBEIaUujk_14openrouter_api6clientNtB5_16OpenRouterClient22skip_url_configuration
FN:292,_RNvMs1_NtCsgYtBEIaUujk_14openrouter_api6clientINtB5_16OpenRouterClientNtB5_6NoAuthE12with_retries
FN:306,_RNvMs1_NtCsgYtBEIaUujk_14openrouter_api6clientINtB5_16OpenRouterClientNtB5_6NoAuthE15without_retries
FN:262,_RNvMs1_NtCsgYtBEIaUujk_14openrouter_api6clientINtB5_16OpenRouterClientNtB5_6NoAuthE17with_timeout_secs
FN:220,_RNvMs1_NtCsgYtBEIaUujk_14openrouter_api6clientINtB5_16OpenRouterClientNtB5_6NoAuthE19with_secure_api_key
FN:300,_RNvMs1_NtCsgYtBEIaUujk_14openrouter_api6clientINtB5_16OpenRouterClientNtB5_6NoAuthE23with_max_response_bytes
FN:312,_RNvMs1_NtCsgYtBEIaUujk_14openrouter_api6clientINtB5_16OpenRouterClientNtB5_6NoAuthE27with_model_coverage_profile
FN:321,_RNvMs1_NtCsgYtBEIaUujk_14openrouter_api6clientINtB5_16OpenRouterClientNtB5_6NoAuthE8with_zdr
FN:384,_RNvMs2_NtCsgYtBEIaUujk_14openrouter_api6clientINtB5_16OpenRouterClientNtB5_5ReadyE10structured
FN:393,_RNvMs2_NtCsgYtBEIaUujk_14openrouter_api6clientINtB5_16OpenRouterClientNtB5_5ReadyE10web_search
FN:366,_RNvMs2_NtCsgYtBEIaUujk_14openrouter_api6clientINtB5_16OpenRouterClientNtB5_5ReadyE11completions
FN:439,_RNvMs2_NtCsgYtBEIaUujk_14openrouter_api6clientINtB5_16OpenRouterClientNtB5_5ReadyE20chat_request_builder
FN:357,_RNvMs2_NtCsgYtBEIaUujk_14openrouter_api6clientINtB5_16OpenRouterClientNtB5_5ReadyE4chat
FN:375,_RNvMs2_NtCsgYtBEIaUujk_14openrouter_api6clientINtB5_16OpenRouterClientNtB5_5ReadyE6models
FN:92,_RNvMs_NtCsgYtBEIaUujk_14openrouter_api6clientINtB4_16OpenRouterClientNtB4_5ReadyE5quick
FN:61,_RNvMs_NtCsgYtBEIaUujk_14openrouter_api6clientINtB4_16OpenRouterClientNtB4_5ReadyE8from_env
FN:166,_RINvMs0_NtCsgYtBEIaUujk_14openrouter_api6clientNtB6_16OpenRouterClient13with_base_urlReEB8_
FN:213,_RINvMs1_NtCsgYtBEIaUujk_14openrouter_api6clientINtB6_16OpenRouterClientNtB6_6NoAuthE12with_api_keyNtNtCsk11oWLwBebd_5alloc6string6StringEB8_
FN:213,_RINvMs1_NtCsgYtBEIaUujk_14openrouter_api6clientINtB6_16OpenRouterClientNtB6_6NoAuthE12with_api_keyReEB8_
FN:280,_RINvMs1_NtCsgYtBEIaUujk_14openrouter_api6clientINtB6_16OpenRouterClientNtB6_6NoAuthE12with_user_idReEB8_
FN:274,_RINvMs1_NtCsgYtBEIaUujk_14openrouter_api6clientINtB6_16OpenRouterClientNtB6_6NoAuthE15with_site_titleReEB8_
FN:268,_RINvMs1_NtCsgYtBEIaUujk_14openrouter_api6clientINtB6_16OpenRouterClientNtB6_6NoAuthE17with_http_refererReEB8_
FN:171,_RNCINvMs0_NtCsgYtBEIaUujk_14openrouter_api6clientNtB8_16OpenRouterClient13with_base_urlReE0Ba_
FN:344,_RNCNvMs1_NtCsgYtBEIaUujk_14openrouter_api6clientINtB7_16OpenRouterClientNtB7_6NoAuthE19transition_to_ready0B9_
FN:434,_RNCNvMs2_NtCsgYtBEIaUujk_14openrouter_api6clientINtB7_16OpenRouterClientNtB7_5ReadyE10generation0B9_
FN:406,_RNCNvMs2_NtCsgYtBEIaUujk_14openrouter_api6clientINtB7_16OpenRouterClientNtB7_5ReadyE7credits0B9_
FN:416,_RNCNvMs2_NtCsgYtBEIaUujk_14openrouter_api6clientINtB7_16OpenRouterClientNtB7_5ReadyE9analytics0B9_
FN:425,_RNCNvMs2_NtCsgYtBEIaUujk_14openrouter_api6clientINtB7_16OpenRouterClientNtB7_5ReadyE9providers0B9_
FN:179,_RNvMs0_NtCsgYtBEIaUujk_14openrouter_api6clientNtB5_16OpenRouterClient21transition_to_no_auth
FN:190,_RNvMs0_NtCsgYtBEIaUujk_14openrouter_api6clientNtB5_16OpenRouterClient23with_max_response_bytes
FN:114,_RNvMs0_NtCsgYtBEIaUujk_14openrouter_api6clientNtB5_16OpenRouterClient3new
FN:256,_RNvMs1_NtCsgYtBEIaUujk_14openrouter_api6clientINtB5_16OpenRouterClientNtB5_6NoAuthE12with_timeout
FN:286,_RNvMs1_NtCsgYtBEIaUujk_14openrouter_api6clientINtB5_16OpenRouterClientNtB5_6NoAuthE17with_retry_config
FN:334,_RNvMs1_NtCsgYtBEIaUujk_14openrouter_api6clientINtB5_16OpenRouterClientNtB5_6NoAuthE19transition_to_ready
FN:430,_RNvMs2_NtCsgYtBEIaUujk_14openrouter_api6clientINtB5_16OpenRouterClientNtB5_5ReadyE10generation
FN:563,_RNvMs2_NtCsgYtBEIaUujk_14openrouter_api6clientINtB5_16OpenRouterClientNtB5_5ReadyE19validate_tool_calls
FN:402,_RNvMs2_NtCsgYtBEIaUujk_14openrouter_api6clientINtB5_16OpenRouterClientNtB5_5ReadyE7credits
FN:412,_RNvMs2_NtCsgYtBEIaUujk_14openrouter_api6clientINtB5_16OpenRouterClientNtB5_5ReadyE9analytics
FN:421,_RNvMs2_NtCsgYtBEIaUujk_14openrouter_api6clientINtB5_16OpenRouterClientNtB5_5ReadyE9providers
FN:43,_RNvXNtCsgYtBEIaUujk_14openrouter_api6clientNtB2_16OpenRouterClientNtNtCs1FLWZe5rD62_4core7default7Default7default
FNDA:0,_RINvMs0_NtCsgl6iEIT30H0_14openrouter_api6clientNtB6_16OpenRouterClient12from_api_keyNtNtCsk11oWLwBebd_5alloc6string6StringEB8_
FNDA:0,_RINvMs1_NtCsgl6iEIT30H0_14openrouter_api6clientINtB6_16OpenRouterClientNtB6_6NoAuthE12with_api_keyNtNtCsk11oWLwBebd_5alloc6string6StringEB8_
FNDA:0,_RNCNvMs1_NtCsgl6iEIT30H0_14openrouter_api6clientINtB7_16OpenRouterClientNtB7_6NoAuthE19transition_to_ready0B9_
FNDA:0,_RNCNvMs2_NtCsgl6iEIT30H0_14openrouter_api6clientINtB7_16OpenRouterClientNtB7_5ReadyE10generation0B9_
FNDA:0,_RNCNvMs2_NtCsgl6iEIT30H0_14openrouter_api6clientINtB7_16OpenRouterClientNtB7_5ReadyE10structured0B9_
FNDA:0,_RNCNvMs2_NtCsgl6iEIT30H0_14openrouter_api6clientINtB7_16OpenRouterClientNtB7_5ReadyE10web_search0B9_
FNDA:0,_RNCNvMs2_NtCsgl6iEIT30H0_14openrouter_api6clientINtB7_16OpenRouterClientNtB7_5ReadyE11completions0B9_
FNDA:0,_RNCNvMs2_NtCsgl6iEIT30H0_14openrouter_api6clientINtB7_16OpenRouterClientNtB7_5ReadyE4chat0B9_
FNDA:0,_RNCNvMs2_NtCsgl6iEIT30H0_14openrouter_api6clientINtB7_16OpenRouterClientNtB7_5ReadyE6models0B9_
FNDA:0,_RNCNvMs2_NtCsgl6iEIT30H0_14openrouter_api6clientINtB7_16OpenRouterClientNtB7_5ReadyE7credits0B9_
FNDA:0,_RNCNvMs2_NtCsgl6iEIT30H0_14openrouter_api6clientINtB7_16OpenRouterClientNtB7_5ReadyE9analytics0B9_
FNDA:0,_RNCNvMs2_NtCsgl6iEIT30H0_14openrouter_api6clientINtB7_16OpenRouterClientNtB7_5ReadyE9providers0B9_
FNDA:1,_RNvMs0_NtCsgl6iEIT30H0_14openrouter_api6clientNtB5_16OpenRouterClient19model_with_shortcut
FNDA:1,_RNvMs0_NtCsgl6iEIT30H0_14openrouter_api6clientNtB5_16OpenRouterClient21transition_to_no_auth
FNDA:1,_RNvMs0_NtCsgl6iEIT30H0_14openrouter_api6clientNtB5_16OpenRouterClient22skip_url_configuration
FNDA:0,_RNvMs0_NtCsgl6iEIT30H0_14openrouter_api6clientNtB5_16OpenRouterClient23with_max_response_bytes
FNDA:1,_RNvMs0_NtCsgl6iEIT30H0_14openrouter_api6clientNtB5_16OpenRouterClient3new
FNDA:0,_RNvMs1_NtCsgl6iEIT30H0_14openrouter_api6clientINtB5_16OpenRouterClientNtB5_6NoAuthE12with_retries
FNDA:0,_RNvMs1_NtCsgl6iEIT30H0_14openrouter_api6clientINtB5_16OpenRouterClientNtB5_6NoAuthE12with_timeout
FNDA:0,_RNvMs1_NtCsgl6iEIT30H0_14openrouter_api6clientINtB5_16OpenRouterClientNtB5_6NoAuthE15without_retries
FNDA:0,_RNvMs1_NtCsgl6iEIT30H0_14openrouter_api6clientINtB5_16OpenRouterClientNtB5_6NoAuthE17with_retry_config
FNDA:0,_RNvMs1_NtCsgl6iEIT30H0_14openrouter_api6clientINtB5_16OpenRouterClientNtB5_6NoAuthE17with_timeout_secs
FNDA:0,_RNvMs1_NtCsgl6iEIT30H0_14openrouter_api6clientINtB5_16OpenRouterClientNtB5_6NoAuthE19transition_to_ready
FNDA:0,_RNvMs1_NtCsgl6iEIT30H0_14openrouter_api6clientINtB5_16OpenRouterClientNtB5_6NoAuthE19with_secure_api_key
FNDA:0,_RNvMs1_NtCsgl6iEIT30H0_14openrouter_api6clientINtB5_16OpenRouterClientNtB5_6NoAuthE23with_max_response_bytes
FNDA:0,_RNvMs1_NtCsgl6iEIT30H0_14openrouter_api6clientINtB5_16OpenRouterClientNtB5_6NoAuthE27with_model_coverage_profile
FNDA:1,_RNvMs1_NtCsgl6iEIT30H0_14openrouter_api6clientINtB5_16OpenRouterClientNtB5_6NoAuthE8with_zdr
FNDA:0,_RNvMs2_NtCsgl6iEIT30H0_14openrouter_api6clientINtB5_16OpenRouterClientNtB5_5ReadyE10generation
FNDA:0,_RNvMs2_NtCsgl6iEIT30H0_14openrouter_api6clientINtB5_16OpenRouterClientNtB5_5ReadyE10structured
FNDA:0,_RNvMs2_NtCsgl6iEIT30H0_14openrouter_api6clientINtB5_16OpenRouterClientNtB5_5ReadyE10web_search
FNDA:0,_RNvMs2_NtCsgl6iEIT30H0_14openrouter_api6clientINtB5_16OpenRouterClientNtB5_5ReadyE11completions
FNDA:0,_RNvMs2_NtCsgl6iEIT30H0_14openrouter_api6clientINtB5_16OpenRouterClientNtB5_5ReadyE19validate_tool_calls
FNDA:0,_RNvMs2_NtCsgl6iEIT30H0_14openrouter_api6clientINtB5_16OpenRouterClientNtB5_5ReadyE20chat_request_builder
FNDA:0,_RNvMs2_NtCsgl6iEIT30H0_14openrouter_api6clientINtB5_16OpenRouterClientNtB5_5ReadyE4chat
FNDA:0,_RNvMs2_NtCsgl6iEIT30H0_14openrouter_api6clientINtB5_16OpenRouterClientNtB5_5ReadyE6models
FNDA:0,_RNvMs2_NtCsgl6iEIT30H0_14openrouter_api6clientINtB5_16OpenRouterClientNtB5_5ReadyE7credits
FNDA:0,_RNvMs2_NtCsgl6iEIT30H0_14openrouter_api6clientINtB5_16OpenRouterClientNtB5_5ReadyE9analytics
FNDA:0,_RNvMs2_NtCsgl6iEIT30H0_14openrouter_api6clientINtB5_16OpenRouterClientNtB5_5ReadyE9providers
FNDA:0,_RNvMs_NtCsgl6iEIT30H0_14openrouter_api6clientINtB4_16OpenRouterClientNtB4_5ReadyE5quick
FNDA:0,_RNvMs_NtCsgl6iEIT30H0_14openrouter_api6clientINtB4_16OpenRouterClientNtB4_5ReadyE8from_env
FNDA:0,_RNvXNtCsgl6iEIT30H0_14openrouter_api6clientNtB2_16OpenRouterClientNtNtCs1FLWZe5rD62_4core7default7Default7default
FNDA:0,_RINvMs0_NtCsgYtBEIaUujk_14openrouter_api6clientNtB6_16OpenRouterClient12from_api_keypEB8_
FNDA:0,_RINvMs0_NtCsgYtBEIaUujk_14openrouter_api6clientNtB6_16OpenRouterClient20from_api_key_and_urlppEB8_
FNDA:0,_RINvMs1_NtCsgYtBEIaUujk_14openrouter_api6clientINtB6_16OpenRouterClientNtB6_6NoAuthE9configurepppEB8_
FNDA:0,_RINvMs2_NtCsgYtBEIaUujk_14openrouter_api6clientINtB6_16OpenRouterClientNtB6_5ReadyE15handle_responsepEB8_
FNDA:0,_RINvMs_NtCsgYtBEIaUujk_14openrouter_api6clientINtB5_16OpenRouterClientNtB5_5ReadyE10productionpppEB7_
FNDA:0,_RINvMs_NtCsgYtBEIaUujk_14openrouter_api6clientINtB5_16OpenRouterClientNtB5_5ReadyE20from_env_with_configppEB7_
FNDA:0,_RNCINvMs2_NtCsgYtBEIaUujk_14openrouter_api6clientINtB8_16OpenRouterClientNtB8_5ReadyE15handle_responsepE0Ba_
FNDA:0,_RNCNCINvMs2_NtCsgYtBEIaUujk_14openrouter_api6clientINtBa_16OpenRouterClientNtBa_5ReadyE15handle_responsepE00Bc_
FNDA:0,_RNCNvMs2_NtCsgYtBEIaUujk_14openrouter_api6clientINtB7_16OpenRouterClientNtB7_5ReadyE10structured0B9_
FNDA:0,_RNCNvMs2_NtCsgYtBEIaUujk_14openrouter_api6clientINtB7_16OpenRouterClientNtB7_5ReadyE10web_search0B9_
FNDA:0,_RNCNvMs2_NtCsgYtBEIaUujk_14openrouter_api6clientINtB7_16OpenRouterClientNtB7_5ReadyE11completions0B9_
FNDA:0,_RNCNvMs2_NtCsgYtBEIaUujk_14openrouter_api6clientINtB7_16OpenRouterClientNtB7_5ReadyE4chat0B9_
FNDA:0,_RNCNvMs2_NtCsgYtBEIaUujk_14openrouter_api6clientINtB7_16OpenRouterClientNtB7_5ReadyE6models0B9_
FNDA:0,_RNvMs0_NtCsgYtBEIaUujk_14openrouter_api6clientNtB5_16OpenRouterClient19model_with_shortcut
FNDA:0,_RNvMs0_NtCsgYtBEIaUujk_14openrouter_api6clientNtB5_16OpenRouterClient22skip_url_configuration
FNDA:0,_RNvMs1_NtCsgYtBEIaUujk_14openrouter_api6clientINtB5_16OpenRouterClientNtB5_6NoAuthE12with_retries
FNDA:0,_RNvMs1_NtCsgYtBEIaUujk_14openrouter_api6clientINtB5_16OpenRouterClientNtB5_6NoAuthE15without_retries
FNDA:0,_RNvMs1_NtCsgYtBEIaUujk_14openrouter_api6clientINtB5_16OpenRouterClientNtB5_6NoAuthE17with_timeout_secs
FNDA:0,_RNvMs1_NtCsgYtBEIaUujk_14openrouter_api6clientINtB5_16OpenRouterClientNtB5_6NoAuthE19with_secure_api_key
FNDA:0,_RNvMs1_NtCsgYtBEIaUujk_14openrouter_api6clientINtB5_16OpenRouterClientNtB5_6NoAuthE23with_max_response_bytes
FNDA:0,_RNvMs1_NtCsgYtBEIaUujk_14openrouter_api6clientINtB5_16OpenRouterClientNtB5_6NoAuthE27with_model_coverage_profile
FNDA:0,_RNvMs1_NtCsgYtBEIaUujk_14openrouter_api6clientINtB5_16OpenRouterClientNtB5_6NoAuthE8with_zdr
FNDA:0,_RNvMs2_NtCsgYtBEIaUujk_14openrouter_api6clientINtB5_16OpenRouterClientNtB5_5ReadyE10structured
FNDA:0,_RNvMs2_NtCsgYtBEIaUujk_14openrouter_api6clientINtB5_16OpenRouterClientNtB5_5ReadyE10web_search
FNDA:0,_RNvMs2_NtCsgYtBEIaUujk_14openrouter_api6clientINtB5_16OpenRouterClientNtB5_5ReadyE11completions
FNDA:0,_RNvMs2_NtCsgYtBEIaUujk_14openrouter_api6clientINtB5_16OpenRouterClientNtB5_5ReadyE20chat_request_builder
FNDA:0,_RNvMs2_NtCsgYtBEIaUujk_14openrouter_api6clientINtB5_16OpenRouterClientNtB5_5ReadyE4chat
FNDA:0,_RNvMs2_NtCsgYtBEIaUujk_14openrouter_api6clientINtB5_16OpenRouterClientNtB5_5ReadyE6models
FNDA:0,_RNvMs_NtCsgYtBEIaUujk_14openrouter_api6clientINtB4_16OpenRouterClientNtB4_5ReadyE5quick
FNDA:0,_RNvMs_NtCsgYtBEIaUujk_14openrouter_api6clientINtB4_16OpenRouterClientNtB4_5ReadyE8from_env
FNDA:14,_RINvMs0_NtCsgYtBEIaUujk_14openrouter_api6clientNtB6_16OpenRouterClient13with_base_urlReEB8_
FNDA:1,_RINvMs1_NtCsgYtBEIaUujk_14openrouter_api6clientINtB6_16OpenRouterClientNtB6_6NoAuthE12with_api_keyNtNtCsk11oWLwBebd_5alloc6string6StringEB8_
FNDA:9,_RINvMs1_NtCsgYtBEIaUujk_14openrouter_api6clientINtB6_16OpenRouterClientNtB6_6NoAuthE12with_api_keyReEB8_
FNDA:1,_RINvMs1_NtCsgYtBEIaUujk_14openrouter_api6clientINtB6_16OpenRouterClientNtB6_6NoAuthE12with_user_idReEB8_
FNDA:5,_RINvMs1_NtCsgYtBEIaUujk_14openrouter_api6clientINtB6_16OpenRouterClientNtB6_6NoAuthE15with_site_titleReEB8_
FNDA:5,_RINvMs1_NtCsgYtBEIaUujk_14openrouter_api6clientINtB6_16OpenRouterClientNtB6_6NoAuthE17with_http_refererReEB8_
FNDA:1,_RNCINvMs0_NtCsgYtBEIaUujk_14openrouter_api6clientNtB8_16OpenRouterClient13with_base_urlReE0Ba_
FNDA:0,_RNCNvMs1_NtCsgYtBEIaUujk_14openrouter_api6clientINtB7_16OpenRouterClientNtB7_6NoAuthE19transition_to_ready0B9_
FNDA:0,_RNCNvMs2_NtCsgYtBEIaUujk_14openrouter_api6clientINtB7_16OpenRouterClientNtB7_5ReadyE10generation0B9_
FNDA:0,_RNCNvMs2_NtCsgYtBEIaUujk_14openrouter_api6clientINtB7_16OpenRouterClientNtB7_5ReadyE7credits0B9_
FNDA:0,_RNCNvMs2_NtCsgYtBEIaUujk_14openrouter_api6clientINtB7_16OpenRouterClientNtB7_5ReadyE9analytics0B9_
FNDA:0,_RNCNvMs2_NtCsgYtBEIaUujk_14openrouter_api6clientINtB7_16OpenRouterClientNtB7_5ReadyE9providers0B9_
FNDA:13,_RNvMs0_NtCsgYtBEIaUujk_14openrouter_api6clientNtB5_16OpenRouterClient21transition_to_no_auth
FNDA:1,_RNvMs0_NtCsgYtBEIaUujk_14openrouter_api6clientNtB5_16OpenRouterClient23with_max_response_bytes
FNDA:17,_RNvMs0_NtCsgYtBEIaUujk_14openrouter_api6clientNtB5_16OpenRouterClient3new
FNDA:1,_RNvMs1_NtCsgYtBEIaUujk_14openrouter_api6clientINtB5_16OpenRouterClientNtB5_6NoAuthE12with_timeout
FNDA:1,_RNvMs1_NtCsgYtBEIaUujk_14openrouter_api6clientINtB5_16OpenRouterClientNtB5_6NoAuthE17with_retry_config
FNDA:9,_RNvMs1_NtCsgYtBEIaUujk_14openrouter_api6clientINtB5_16OpenRouterClientNtB5_6NoAuthE19transition_to_ready
FNDA:1,_RNvMs2_NtCsgYtBEIaUujk_14openrouter_api6clientINtB5_16OpenRouterClientNtB5_5ReadyE10generation
FNDA:2,_RNvMs2_NtCsgYtBEIaUujk_14openrouter_api6clientINtB5_16OpenRouterClientNtB5_5ReadyE19validate_tool_calls
FNDA:1,_RNvMs2_NtCsgYtBEIaUujk_14openrouter_api6clientINtB5_16OpenRouterClientNtB5_5ReadyE7credits
FNDA:2,_RNvMs2_NtCsgYtBEIaUujk_14openrouter_api6clientINtB5_16OpenRouterClientNtB5_5ReadyE9analytics
FNDA:2,_RNvMs2_NtCsgYtBEIaUujk_14openrouter_api6clientINtB5_16OpenRouterClientNtB5_5ReadyE9providers
FNDA:1,_RNvXNtCsgYtBEIaUujk_14openrouter_api6clientNtB2_16OpenRouterClientNtNtCs1FLWZe5rD62_4core7default7Default7default
FNF:53
FNH:21
DA:43,1
DA:44,1
DA:45,1
DA:61,0
DA:62,0
DA:63,0
DA:64,0
DA:80,0
DA:81,0
DA:82,0
DA:83,0
DA:84,0
DA:85,0
DA:86,0
DA:87,0
DA:88,0
DA:92,0
DA:93,0
DA:94,0
DA:98,0
DA:99,0
DA:100,0
DA:101,0
DA:102,0
DA:103,0
DA:104,0
DA:105,0
DA:106,0
DA:107,0
DA:108,0
DA:114,18
DA:115,18
DA:116,18
DA:117,18
DA:118,18
DA:119,18
DA:120,18
DA:121,18
DA:122,18
DA:123,18
DA:124,18
DA:125,18
DA:126,18
DA:127,18
DA:128,18
DA:129,18
DA:130,18
DA:131,18
DA:132,18
DA:136,0
DA:137,0
DA:138,0
DA:142,0
DA:143,0
DA:144,0
DA:145,0
DA:146,0
DA:147,0
DA:151,1
DA:152,1
DA:153,1
DA:166,14
DA:167,14
DA:168,14
DA:169,14
DA:170,14
DA:171,14
DA:172,1
DA:173,1
DA:174,1
DA:175,1
DA:176,13
DA:177,14
DA:179,14
DA:180,14
DA:181,14
DA:182,14
DA:183,14
DA:184,14
DA:185,14
DA:186,14
DA:190,1
DA:191,1
DA:192,1
DA:193,1
DA:196,1
DA:197,1
DA:198,1
DA:213,10
DA:214,10
DA:215,9
DA:216,10
DA:220,0
DA:221,0
DA:222,0
DA:223,0
DA:227,0
DA:228,0
DA:229,0
DA:230,0
DA:231,0
DA:232,0
DA:233,0
DA:234,0
DA:235,0
DA:236,0
DA:237,0
DA:238,0
DA:239,0
DA:240,0
DA:241,0
DA:256,1
DA:257,1
DA:258,1
DA:259,1
DA:262,0
DA:263,0
DA:264,0
DA:265,0
DA:268,5
DA:269,5
DA:270,5
DA:271,5
DA:274,5
DA:275,5
DA:276,5
DA:277,5
DA:280,1
DA:281,1
DA:282,1
DA:283,1
DA:286,1
DA:287,1
DA:288,1
DA:289,1
DA:292,0
DA:293,0
DA:294,0
DA:295,0
DA:296,0
DA:300,0
DA:301,0
DA:302,0
DA:303,0
DA:306,0
DA:307,0
DA:308,0
DA:309,0
DA:312,0
DA:313,0
DA:314,0
DA:315,0
DA:316,0
DA:317,0
DA:318,0
DA:321,1
DA:322,1
DA:323,1
DA:324,1
DA:325,1
DA:327,1
DA:328,1
DA:329,1
DA:330,1
DA:331,1
DA:332,1
DA:334,9
DA:335,9
DA:338,9
DA:339,9
DA:340,9
DA:342,9
DA:343,9
DA:344,9
DA:346,9
DA:347,9
DA:348,9
DA:349,9
DA:350,9
DA:351,9
DA:352,9
DA:357,0
DA:358,0
DA:359,0
DA:360,0
DA:361,0
DA:362,0
DA:363,0
DA:366,0
DA:367,0
DA:368,0
DA:369,0
DA:370,0
DA:371,0
DA:372,0
DA:375,0
DA:376,0
DA:377,0
DA:378,0
DA:379,0
DA:380,0
DA:381,0
DA:384,0
DA:385,0
DA:386,0
DA:387,0
DA:388,0
DA:389,0
DA:390,0
DA:393,0
DA:394,0
DA:395,0
DA:396,0
DA:397,0
DA:398,0
DA:399,0
DA:402,1
DA:403,1
DA:404,1
DA:405,1
DA:406,1
DA:407,1
DA:408,1
DA:412,2
DA:413,2
DA:414,2
DA:415,2
DA:416,2
DA:417,2
DA:418,2
DA:421,2
DA:422,2
DA:423,2
DA:424,2
DA:425,2
DA:426,2
DA:427,2
DA:430,1
DA:431,1
DA:432,1
DA:433,1
DA:434,1
DA:435,1
DA:436,1
DA:439,0
DA:440,0
DA:441,0
DA:442,0
DA:444,0
DA:445,0
DA:446,0
DA:447,0
DA:448,0
DA:450,0
DA:454,0
DA:458,0
DA:461,0
DA:462,0
DA:464,0
DA:465,0
DA:466,0
DA:467,0
DA:468,0
DA:469,0
DA:470,0
DA:471,0
DA:473,0
DA:476,0
DA:477,0
DA:478,0
DA:479,0
DA:480,0
DA:481,0
DA:482,0
DA:483,0
DA:484,0
DA:485,0
DA:487,0
DA:488,0
DA:489,0
DA:491,0
DA:492,0
DA:495,0
DA:496,0
DA:497,0
DA:498,0
DA:499,0
DA:502,0
DA:503,0
DA:504,0
DA:505,0
DA:506,0
DA:507,0
DA:508,0
DA:509,0
DA:512,0
DA:513,0
DA:514,0
DA:515,0
DA:516,0
DA:517,0
DA:518,0
DA:521,0
DA:522,0
DA:523,0
DA:524,0
DA:525,0
DA:526,0
DA:527,0
DA:528,0
DA:529,0
DA:530,0
DA:531,0
DA:532,0
DA:533,0
DA:534,0
DA:535,0
DA:536,0
DA:537,0
DA:538,0
DA:539,0
DA:540,0
DA:541,0
DA:542,0
DA:543,0
DA:544,0
DA:545,0
DA:546,0
DA:547,0
DA:548,0
DA:549,0
DA:550,0
DA:552,0
DA:553,0
DA:554,0
DA:555,0
DA:556,0
DA:557,0
DA:558,0
DA:559,0
DA:560,0
DA:563,2
DA:564,2
DA:565,2
DA:566,2
DA:567,3
DA:568,2
DA:569,3
DA:570,2
DA:571,1
DA:572,1
DA:573,1
DA:574,1
DA:575,1
DA:577,0
DA:579,1
DA:580,2
BRF:0
BRH:0
LF:369
LH:147
end_of_record
SF:/Volumes/Everything/Development/openrouter_api/src/client/config.rs
FN:52,_RNvMNtNtCsgl6iEIT30H0_14openrouter_api6client6configNtB2_12SecureApiKey16to_bearer_header
FN:47,_RNvMNtNtCsgl6iEIT30H0_14openrouter_api6client6configNtB2_12SecureApiKey6as_str
FN:100,_RNvMs0_NtNtCsgl6iEIT30H0_14openrouter_api6client6configNtB5_12ClientConfig13build_headers
FN:128,_RNvMs0_NtNtCsgl6iEIT30H0_14openrouter_api6client6configNtB5_12ClientConfig13to_api_config
FN:170,_RNvMs2_NtNtCsgl6iEIT30H0_14openrouter_api6client6configNtB5_11RetryConfig18with_total_timeout
FN:176,_RNvMs2_NtNtCsgl6iEIT30H0_14openrouter_api6client6configNtB5_11RetryConfig23with_max_retry_interval
FN:156,_RNvXs1_NtNtCsgl6iEIT30H0_14openrouter_api6client6configNtB5_11RetryConfigNtNtCs1FLWZe5rD62_4core7default7Default7default
FN:58,_RNvXs_NtNtCsgl6iEIT30H0_14openrouter_api6client6configNtB4_12SecureApiKeyNtNtCs1FLWZe5rD62_4core3fmt5Debug3fmt
FN:21,_RINvMNtNtCsgl6iEIT30H0_14openrouter_api6client6configNtB3_12SecureApiKey3newNtNtCsk11oWLwBebd_5alloc6string6StringEB7_
FN:104,_RNCNvMs0_NtNtCsgl6iEIT30H0_14openrouter_api6client6configNtB7_12ClientConfig13build_headers0Bb_
FN:116,_RNCNvMs0_NtNtCsgl6iEIT30H0_14openrouter_api6client6configNtB7_12ClientConfig13build_headerss0_0Bb_
FN:121,_RNCNvMs0_NtNtCsgl6iEIT30H0_14openrouter_api6client6configNtB7_12ClientConfig13build_headerss1_0Bb_
FN:111,_RNCNvMs0_NtNtCsgl6iEIT30H0_14openrouter_api6client6configNtB7_12ClientConfig13build_headerss_0Bb_
FN:21,_RINvMNtNtCsgYtBEIaUujk_14openrouter_api6client6configNtB3_12SecureApiKey3newNtNtCsk11oWLwBebd_5alloc6string6StringEB7_
FN:21,_RINvMNtNtCsgYtBEIaUujk_14openrouter_api6client6configNtB3_12SecureApiKey3newReEB7_
FN:104,_RNCNvMs0_NtNtCsgYtBEIaUujk_14openrouter_api6client6configNtB7_12ClientConfig13build_headers0Bb_
FN:116,_RNCNvMs0_NtNtCsgYtBEIaUujk_14openrouter_api6client6configNtB7_12ClientConfig13build_headerss0_0Bb_
FN:121,_RNCNvMs0_NtNtCsgYtBEIaUujk_14openrouter_api6client6configNtB7_12ClientConfig13build_headerss1_0Bb_
FN:111,_RNCNvMs0_NtNtCsgYtBEIaUujk_14openrouter_api6client6configNtB7_12ClientConfig13build_headerss_0Bb_
FN:52,_RNvMNtNtCsgYtBEIaUujk_14openrouter_api6client6configNtB2_12SecureApiKey16to_bearer_header
FN:47,_RNvMNtNtCsgYtBEIaUujk_14openrouter_api6client6configNtB2_12SecureApiKey6as_str
FN:100,_RNvMs0_NtNtCsgYtBEIaUujk_14openrouter_api6client6configNtB5_12ClientConfig13build_headers
FN:128,_RNvMs0_NtNtCsgYtBEIaUujk_14openrouter_api6client6configNtB5_12ClientConfig13to_api_config
FN:170,_RNvMs2_NtNtCsgYtBEIaUujk_14openrouter_api6client6configNtB5_11RetryConfig18with_total_timeout
FN:176,_RNvMs2_NtNtCsgYtBEIaUujk_14openrouter_api6client6configNtB5_11RetryConfig23with_max_retry_interval
FN:156,_RNvXs1_NtNtCsgYtBEIaUujk_14openrouter_api6client6configNtB5_11RetryConfigNtNtCs1FLWZe5rD62_4core7default7Default7default
FN:58,_RNvXs_NtNtCsgYtBEIaUujk_14openrouter_api6client6configNtB4_12SecureApiKeyNtNtCs1FLWZe5rD62_4core3fmt5Debug3fmt
FNDA:0,_RNvMNtNtCsgl6iEIT30H0_14openrouter_api6client6configNtB2_12SecureApiKey16to_bearer_header
FNDA:0,_RNvMNtNtCsgl6iEIT30H0_14openrouter_api6client6configNtB2_12SecureApiKey6as_str
FNDA:0,_RNvMs0_NtNtCsgl6iEIT30H0_14openrouter_api6client6configNtB5_12ClientConfig13build_headers
FNDA:0,_RNvMs0_NtNtCsgl6iEIT30H0_14openrouter_api6client6configNtB5_12ClientConfig13to_api_config
FNDA:0,_RNvMs2_NtNtCsgl6iEIT30H0_14openrouter_api6client6configNtB5_11RetryConfig18with_total_timeout
FNDA:0,_RNvMs2_NtNtCsgl6iEIT30H0_14openrouter_api6client6configNtB5_11RetryConfig23with_max_retry_interval
FNDA:1,_RNvXs1_NtNtCsgl6iEIT30H0_14openrouter_api6client6configNtB5_11RetryConfigNtNtCs1FLWZe5rD62_4core7default7Default7default
FNDA:0,_RNvXs_NtNtCsgl6iEIT30H0_14openrouter_api6client6configNtB4_12SecureApiKeyNtNtCs1FLWZe5rD62_4core3fmt5Debug3fmt
FNDA:0,_RINvMNtNtCsgl6iEIT30H0_14openrouter_api6client6configNtB3_12SecureApiKey3newNtNtCsk11oWLwBebd_5alloc6string6StringEB7_
FNDA:0,_RNCNvMs0_NtNtCsgl6iEIT30H0_14openrouter_api6client6configNtB7_12ClientConfig13build_headers0Bb_
FNDA:0,_RNCNvMs0_NtNtCsgl6iEIT30H0_14openrouter_api6client6configNtB7_12ClientConfig13build_headerss0_0Bb_
FNDA:0,_RNCNvMs0_NtNtCsgl6iEIT30H0_14openrouter_api6client6configNtB7_12ClientConfig13build_headerss1_0Bb_
FNDA:0,_RNCNvMs0_NtNtCsgl6iEIT30H0_14openrouter_api6client6configNtB7_12ClientConfig13build_headerss_0Bb_
FNDA:3,_RINvMNtNtCsgYtBEIaUujk_14openrouter_api6client6configNtB3_12SecureApiKey3newNtNtCsk11oWLwBebd_5alloc6string6StringEB7_
FNDA:29,_RINvMNtNtCsgYtBEIaUujk_14openrouter_api6client6configNtB3_12SecureApiKey3newReEB7_
FNDA:0,_RNCNvMs0_NtNtCsgYtBEIaUujk_14openrouter_api6client6configNtB7_12ClientConfig13build_headers0Bb_
FNDA:0,_RNCNvMs0_NtNtCsgYtBEIaUujk_14openrouter_api6client6configNtB7_12ClientConfig13build_headerss0_0Bb_
FNDA:0,_RNCNvMs0_NtNtCsgYtBEIaUujk_14openrouter_api6client6configNtB7_12ClientConfig13build_headerss1_0Bb_
FNDA:1,_RNCNvMs0_NtNtCsgYtBEIaUujk_14openrouter_api6client6configNtB7_12ClientConfig13build_headerss_0Bb_
FNDA:26,_RNvMNtNtCsgYtBEIaUujk_14openrouter_api6client6configNtB2_12SecureApiKey16to_bearer_header
FNDA:3,_RNvMNtNtCsgYtBEIaUujk_14openrouter_api6client6configNtB2_12SecureApiKey6as_str
FNDA:26,_RNvMs0_NtNtCsgYtBEIaUujk_14openrouter_api6client6configNtB5_12ClientConfig13build_headers
FNDA:13,_RNvMs0_NtNtCsgYtBEIaUujk_14openrouter_api6client6configNtB5_12ClientConfig13to_api_config
FNDA:1,_RNvMs2_NtNtCsgYtBEIaUujk_14openrouter_api6client6configNtB5_11RetryConfig18with_total_timeout
FNDA:1,_RNvMs2_NtNtCsgYtBEIaUujk_14openrouter_api6client6configNtB5_11RetryConfig23with_max_retry_interval
FNDA:36,_RNvXs1_NtNtCsgYtBEIaUujk_14openrouter_api6client6configNtB5_11RetryConfigNtNtCs1FLWZe5rD62_4core7default7Default7default
FNDA:1,_RNvXs_NtNtCsgYtBEIaUujk_14openrouter_api6client6configNtB4_12SecureApiKeyNtNtCs1FLWZe5rD62_4core3fmt5Debug3fmt
FNF:13
FNH:10
DA:21,32
DA:22,32
DA:25,32
DA:26,2
DA:27,30
DA:30,30
DA:31,3
DA:32,3
DA:33,3
DA:34,27
DA:37,27
DA:38,1
DA:39,1
DA:40,1
DA:41,26
DA:43,26
DA:44,32
DA:47,3
DA:48,3
DA:49,3
DA:52,26
DA:53,26
DA:54,26
DA:58,1
DA:60,1
DA:61,1
DA:62,1
DA:63,1
DA:100,26
DA:101,26
DA:102,26
DA:103,25
DA:104,25
DA:105,25
DA:106,1
DA:108,26
DA:109,26
DA:110,9
DA:111,9
DA:112,8
DA:113,17
DA:114,25
DA:115,8
DA:116,8
DA:117,8
DA:118,17
DA:119,25
DA:120,1
DA:121,1
DA:122,1
DA:123,24
DA:124,25
DA:125,26
DA:128,13
DA:130,13
DA:131,13
DA:132,13
DA:133,13
DA:134,13
DA:135,13
DA:136,13
DA:137,13
DA:139,13
DA:156,37
DA:157,37
DA:158,37
DA:159,37
DA:160,37
DA:161,37
DA:162,37
DA:163,37
DA:164,37
DA:165,37
DA:170,1
DA:171,1
DA:172,1
DA:173,1
DA:176,1
DA:177,1
DA:178,1
DA:179,1
BRF:0
BRH:0
LF:85
LH:82
end_of_record
SF:/Volumes/Everything/Development/openrouter_api/src/client/tests.rs
FN:208,_RNCNvNtNtNtCsgYtBEIaUujk_14openrouter_api6client5tests5testss_45test_client_config_build_headers_with_api_key0B9_
FN:189,_RNCNvNtNtNtCsgYtBEIaUujk_14openrouter_api6client5tests5testss_48test_client_config_build_headers_without_api_key0B9_
FN:228,_RNCNvNtNtNtCsgYtBEIaUujk_14openrouter_api6client5tests5testss_49test_client_config_build_headers_with_all_options0B9_
FN:92,_RNvNtNtNtCsgYtBEIaUujk_14openrouter_api6client5tests5testss_24test_client_new_creation
FN:72,_RNvNtNtNtCsgYtBEIaUujk_14openrouter_api6client5tests5testss_25test_retry_config_default
FN:41,_RNvNtNtNtCsgYtBEIaUujk_14openrouter_api6client5tests5testss_25test_secure_api_key_empty
FN:81,_RNvNtNtNtCsgYtBEIaUujk_14openrouter_api6client5tests5testss_28test_client_default_creation
FN:143,_RNvNtNtNtCsgYtBEIaUujk_14openrouter_api6client5tests5testss_29test_client_with_retry_config
FN:25,_RNvNtNtNtCsgYtBEIaUujk_14openrouter_api6client5tests5testss_29test_secure_api_key_too_short
FN:168,_RNvNtNtNtCsgYtBEIaUujk_14openrouter_api6client5tests5testss_30test_client_with_api_key_valid
FN:123,_RNvNtNtNtCsgYtBEIaUujk_14openrouter_api6client5tests5testss_31test_client_configuration_chain
FN:103,_RNvNtNtNtCsgYtBEIaUujk_14openrouter_api6client5tests5testss_31test_client_with_base_url_valid
FN:178,_RNvNtNtNtCsgYtBEIaUujk_14openrouter_api6client5tests5testss_32test_client_with_api_key_invalid
FN:115,_RNvNtNtNtCsgYtBEIaUujk_14openrouter_api6client5tests5testss_33test_client_with_base_url_invalid
FN:64,_RNvNtNtNtCsgYtBEIaUujk_14openrouter_api6client5tests5testss_33test_secure_api_key_bearer_header
FN:11,_RNvNtNtNtCsgYtBEIaUujk_14openrouter_api6client5tests5testss_34test_secure_api_key_creation_valid
FN:33,_RNvNtNtNtCsgYtBEIaUujk_14openrouter_api6client5tests5testss_34test_secure_api_key_invalid_prefix
FN:55,_RNvNtNtNtCsgYtBEIaUujk_14openrouter_api6client5tests5testss_35test_secure_api_key_debug_redaction
FN:48,_RNvNtNtNtCsgYtBEIaUujk_14openrouter_api6client5tests5testss_35test_secure_api_key_whitespace_only
FN:273,_RNvNtNtNtCsgYtBEIaUujk_14openrouter_api6client5tests5testss_37test_client_max_response_bytes_config
FN:18,_RNvNtNtNtCsgYtBEIaUujk_14openrouter_api6client5tests5testss_43test_secure_api_key_creation_with_or_prefix
FN:208,_RNvNtNtNtCsgYtBEIaUujk_14openrouter_api6client5tests5testss_45test_client_config_build_headers_with_api_key
FN:189,_RNvNtNtNtCsgYtBEIaUujk_14openrouter_api6client5tests5testss_48test_client_config_build_headers_without_api_key
FN:228,_RNvNtNtNtCsgYtBEIaUujk_14openrouter_api6client5tests5testss_49test_client_config_build_headers_with_all_options
FN:254,_RNvNtNtNtCsgYtBEIaUujk_14openrouter_api6client5tests5testss_54test_client_config_build_headers_invalid_header_values
FNDA:1,_RNCNvNtNtNtCsgYtBEIaUujk_14openrouter_api6client5tests5testss_45test_client_config_build_headers_with_api_key0B9_
FNDA:1,_RNCNvNtNtNtCsgYtBEIaUujk_14openrouter_api6client5tests5testss_48test_client_config_build_headers_without_api_key0B9_
FNDA:1,_RNCNvNtNtNtCsgYtBEIaUujk_14openrouter_api6client5tests5testss_49test_client_config_build_headers_with_all_options0B9_
FNDA:1,_RNvNtNtNtCsgYtBEIaUujk_14openrouter_api6client5tests5testss_24test_client_new_creation
FNDA:1,_RNvNtNtNtCsgYtBEIaUujk_14openrouter_api6client5tests5testss_25test_retry_config_default
FNDA:1,_RNvNtNtNtCsgYtBEIaUujk_14openrouter_api6client5tests5testss_25test_secure_api_key_empty
FNDA:1,_RNvNtNtNtCsgYtBEIaUujk_14openrouter_api6client5tests5testss_28test_client_default_creation
FNDA:1,_RNvNtNtNtCsgYtBEIaUujk_14openrouter_api6client5tests5testss_29test_client_with_retry_config
FNDA:1,_RNvNtNtNtCsgYtBEIaUujk_14openrouter_api6client5tests5testss_29test_secure_api_key_too_short
FNDA:1,_RNvNtNtNtCsgYtBEIaUujk_14openrouter_api6client5tests5testss_30test_client_with_api_key_valid
FNDA:1,_RNvNtNtNtCsgYtBEIaUujk_14openrouter_api6client5tests5testss_31test_client_configuration_chain
FNDA:1,_RNvNtNtNtCsgYtBEIaUujk_14openrouter_api6client5tests5testss_31test_client_with_base_url_valid
FNDA:1,_RNvNtNtNtCsgYtBEIaUujk_14openrouter_api6client5tests5testss_32test_client_with_api_key_invalid
FNDA:1,_RNvNtNtNtCsgYtBEIaUujk_14openrouter_api6client5tests5testss_33test_client_with_base_url_invalid
FNDA:1,_RNvNtNtNtCsgYtBEIaUujk_14openrouter_api6client5tests5testss_33test_secure_api_key_bearer_header
FNDA:1,_RNvNtNtNtCsgYtBEIaUujk_14openrouter_api6client5tests5testss_34test_secure_api_key_creation_valid
FNDA:1,_RNvNtNtNtCsgYtBEIaUujk_14openrouter_api6client5tests5testss_34test_secure_api_key_invalid_prefix
FNDA:1,_RNvNtNtNtCsgYtBEIaUujk_14openrouter_api6client5tests5testss_35test_secure_api_key_debug_redaction
FNDA:1,_RNvNtNtNtCsgYtBEIaUujk_14openrouter_api6client5tests5testss_35test_secure_api_key_whitespace_only
FNDA:1,_RNvNtNtNtCsgYtBEIaUujk_14openrouter_api6client5tests5testss_37test_client_max_response_bytes_config
FNDA:1,_RNvNtNtNtCsgYtBEIaUujk_14openrouter_api6client5tests5testss_43test_secure_api_key_creation_with_or_prefix
FNDA:1,_RNvNtNtNtCsgYtBEIaUujk_14openrouter_api6client5tests5testss_45test_client_config_build_headers_with_api_key
FNDA:1,_RNvNtNtNtCsgYtBEIaUujk_14openrouter_api6client5tests5testss_48test_client_config_build_headers_without_api_key
FNDA:1,_RNvNtNtNtCsgYtBEIaUujk_14openrouter_api6client5tests5testss_49test_client_config_build_headers_with_all_options
FNDA:1,_RNvNtNtNtCsgYtBEIaUujk_14openrouter_api6client5tests5testss_54test_client_config_build_headers_invalid_header_values
FNF:25
FNH:25
DA:11,1
DA:12,1
DA:13,1
DA:14,1
DA:15,1
DA:18,1
DA:19,1
DA:20,1
DA:21,1
DA:22,1
DA:25,1
DA:26,1
DA:27,1
DA:28,1
DA:29,1
DA:30,1
DA:33,1
DA:34,1
DA:35,1
DA:36,1
DA:37,1
DA:38,1
DA:41,1
DA:42,1
DA:43,1
DA:44,1
DA:45,1
DA:48,1
DA:49,1
DA:50,1
DA:51,1
DA:52,1
DA:55,1
DA:56,1
DA:57,1
DA:58,1
DA:59,1
DA:60,1
DA:61,1
DA:64,1
DA:65,1
DA:66,1
DA:67,1
DA:68,1
DA:69,1
DA:72,1
DA:73,1
DA:74,1
DA:75,1
DA:76,1
DA:77,1
DA:78,1
DA:81,1
DA:82,1
DA:83,1
DA:84,1
DA:85,1
DA:88,1
DA:89,1
DA:92,1
DA:93,1
DA:94,1
DA:95,1
DA:96,1
DA:99,1
DA:100,1
DA:103,1
DA:104,1
DA:105,1
DA:106,1
DA:107,1
DA:108,1
DA:109,1
DA:112,1
DA:115,1
DA:116,1
DA:117,1
DA:118,1
DA:119,1
DA:120,1
DA:123,1
DA:124,1
DA:125,1
DA:126,1
DA:127,1
DA:128,1
DA:129,1
DA:130,1
DA:132,1
DA:133,1
DA:134,1
DA:136,1
DA:138,1
DA:139,1
DA:140,1
DA:143,1
DA:144,1
DA:145,1
DA:146,1
DA:147,1
DA:148,1
DA:149,1
DA:150,1
DA:151,1
DA:153,1
DA:154,1
DA:155,1
DA:156,1
DA:158,1
DA:159,1
DA:160,1
DA:161,1
DA:163,1
DA:165,1
DA:168,1
DA:169,1
DA:170,1
DA:171,1
DA:173,1
DA:174,1
DA:175,1
DA:178,1
DA:179,1
DA:180,1
DA:181,1
DA:183,1
DA:184,1
DA:185,1
DA:186,1
DA:189,1
DA:190,1
DA:191,1
DA:192,1
DA:193,1
DA:194,1
DA:195,1
DA:196,1
DA:197,1
DA:198,1
DA:199,1
DA:201,1
DA:202,1
DA:203,1
DA:204,1
DA:205,1
DA:208,1
DA:209,1
DA:210,1
DA:211,1
DA:212,1
DA:213,1
DA:214,1
DA:215,1
DA:216,1
DA:217,1
DA:218,1
DA:219,1
DA:221,1
DA:222,1
DA:223,1
DA:224,1
DA:225,1
DA:228,1
DA:229,1
DA:230,1
DA:231,1
DA:232,1
DA:233,1
DA:234,1
DA:235,1
DA:236,1
DA:237,1
DA:238,1
DA:239,1
DA:241,1
DA:242,1
DA:243,1
DA:244,1
DA:245,1
DA:246,1
DA:248,1
DA:249,1
DA:250,1
DA:251,1
DA:254,1
DA:255,1
DA:256,1
DA:257,1
DA:258,1
DA:259,1
DA:260,1
DA:261,1
DA:262,1
DA:263,1
DA:264,1
DA:265,1
DA:267,1
DA:268,1
DA:269,1
DA:270,1
DA:273,1
DA:274,1
DA:276,1
DA:277,1
BRF:0
BRH:0
LF:210
LH:210
end_of_record
SF:/Volumes/Everything/Development/openrouter_api/src/error.rs
FN:78,_RNvMNtCsgl6iEIT30H0_14openrouter_api5errorNtB2_5Error13from_response
FN:85,_RNvMNtCsgl6iEIT30H0_14openrouter_api5errorNtB2_5Error18from_response_text
FN:119,_RNvMNtCsgl6iEIT30H0_14openrouter_api5errorNtB2_5Error26from_response_with_context
FN:78,_RNCNvMNtCsgYtBEIaUujk_14openrouter_api5errorNtB4_5Error13from_response0B6_
FN:123,_RNCNvMNtCsgYtBEIaUujk_14openrouter_api5errorNtB4_5Error26from_response_with_context0B6_
FN:78,_RNvMNtCsgYtBEIaUujk_14openrouter_api5errorNtB2_5Error13from_response
FN:119,_RNvMNtCsgYtBEIaUujk_14openrouter_api5errorNtB2_5Error26from_response_with_context
FN:85,_RNvMNtCsgYtBEIaUujk_14openrouter_api5errorNtB2_5Error18from_response_text
FNDA:0,_RNvMNtCsgl6iEIT30H0_14openrouter_api5errorNtB2_5Error13from_response
FNDA:0,_RNvMNtCsgl6iEIT30H0_14openrouter_api5errorNtB2_5Error18from_response_text
FNDA:0,_RNvMNtCsgl6iEIT30H0_14openrouter_api5errorNtB2_5Error26from_response_with_context
FNDA:0,_RNCNvMNtCsgYtBEIaUujk_14openrouter_api5errorNtB4_5Error13from_response0B6_
FNDA:0,_RNCNvMNtCsgYtBEIaUujk_14openrouter_api5errorNtB4_5Error26from_response_with_context0B6_
FNDA:0,_RNvMNtCsgYtBEIaUujk_14openrouter_api5errorNtB2_5Error13from_response
FNDA:0,_RNvMNtCsgYtBEIaUujk_14openrouter_api5errorNtB2_5Error26from_response_with_context
FNDA:2,_RNvMNtCsgYtBEIaUujk_14openrouter_api5errorNtB2_5Error18from_response_text
FNF:5
FNH:1
DA:78,0
DA:79,0
DA:80,0
DA:81,0
DA:82,0
DA:85,2
DA:87,2
DA:88,0
DA:89,0
DA:90,0
DA:91,0
DA:92,0
DA:93,0
DA:94,0
DA:95,0
DA:96,0
DA:97,2
DA:100,2
DA:101,1
DA:102,1
DA:103,1
DA:104,1
DA:105,1
DA:107,1
DA:108,1
DA:109,1
DA:110,1
DA:111,1
DA:112,1
DA:113,1
DA:114,1
DA:115,1
DA:116,2
DA:119,0
DA:120,0
DA:121,0
DA:122,0
DA:123,0
DA:124,0
DA:125,0
DA:127,0
DA:131,0
DA:133,0
DA:136,0
DA:137,0
DA:138,0
DA:139,0
DA:141,0
DA:142,0
DA:143,0
DA:144,0
DA:145,0
DA:146,0
DA:147,0
DA:149,0
DA:150,0
BRF:0
BRH:0
LF:58
LH:19
end_of_record
SF:/Volumes/Everything/Development/openrouter_api/src/error/tests.rs
FN:142,_RINvNvNtNtNtCsgYtBEIaUujk_14openrouter_api5error5tests5testss_32test_error_trait_implementations11assert_sendNtB8_5ErrorEBa_
FN:143,_RINvNvNtNtNtCsgYtBEIaUujk_14openrouter_api5error5tests5testss_32test_error_trait_implementations11assert_syncNtB8_5ErrorEBa_
FN:144,_RINvNvNtNtNtCsgYtBEIaUujk_14openrouter_api5error5tests5testss_32test_error_trait_implementations12assert_errorNtB8_5ErrorEBa_
FN:166,_RNvNtNtNtCsgYtBEIaUujk_14openrouter_api5error5tests5testss_16test_error_chain
FN:132,_RNvNtNtNtCsgYtBEIaUujk_14openrouter_api5error5tests5testss_16test_error_debug
FN:55,_RNvNtNtNtCsgYtBEIaUujk_14openrouter_api5error5tests5testss_17test_config_error
FN:119,_RNvNtNtNtCsgYtBEIaUujk_14openrouter_api5error5tests5testss_18test_error_display
FN:66,_RNvNtNtNtCsgYtBEIaUujk_14openrouter_api5error5tests5testss_20test_http_error_type
FN:108,_RNvNtNtNtCsgYtBEIaUujk_14openrouter_api5error5tests5testss_20test_streaming_error
FN:82,_RNvNtNtNtCsgYtBEIaUujk_14openrouter_api5error5tests5testss_24test_serialization_error
FN:181,_RNvNtNtNtCsgYtBEIaUujk_14openrouter_api5error5tests5testss_26test_error_metadata_access
FN:152,_RNvNtNtNtCsgYtBEIaUujk_14openrouter_api5error5tests5testss_26test_from_serde_json_error
FN:10,_RNvNtNtNtCsgYtBEIaUujk_14openrouter_api5error5tests5testss_27test_api_error_construction
FN:27,_RNvNtNtNtCsgYtBEIaUujk_14openrouter_api5error5tests5testss_28test_api_error_with_metadata
FN:207,_RNvNtNtNtCsgYtBEIaUujk_14openrouter_api5error5tests5testss_28test_error_types_compilation
FN:97,_RNvNtNtNtCsgYtBEIaUujk_14openrouter_api5error5tests5testss_28test_schema_validation_error
FN:140,_RNvNtNtNtCsgYtBEIaUujk_14openrouter_api5error5tests5testss_32test_error_trait_implementations
FNDA:1,_RINvNvNtNtNtCsgYtBEIaUujk_14openrouter_api5error5tests5testss_32test_error_trait_implementations11assert_sendNtB8_5ErrorEBa_
FNDA:1,_RINvNvNtNtNtCsgYtBEIaUujk_14openrouter_api5error5tests5testss_32test_error_trait_implementations11assert_syncNtB8_5ErrorEBa_
FNDA:1,_RINvNvNtNtNtCsgYtBEIaUujk_14openrouter_api5error5tests5testss_32test_error_trait_implementations12assert_errorNtB8_5ErrorEBa_
FNDA:1,_RNvNtNtNtCsgYtBEIaUujk_14openrouter_api5error5tests5testss_16test_error_chain
FNDA:1,_RNvNtNtNtCsgYtBEIaUujk_14openrouter_api5error5tests5testss_16test_error_debug
FNDA:1,_RNvNtNtNtCsgYtBEIaUujk_14openrouter_api5error5tests5testss_17test_config_error
FNDA:1,_RNvNtNtNtCsgYtBEIaUujk_14openrouter_api5error5tests5testss_18test_error_display
FNDA:1,_RNvNtNtNtCsgYtBEIaUujk_14openrouter_api5error5tests5testss_20test_http_error_type
FNDA:1,_RNvNtNtNtCsgYtBEIaUujk_14openrouter_api5error5tests5testss_20test_streaming_error
[...]
FN:62,_RNvNtNtNtCsgYtBEIaUujk_14openrouter_api5utils10validation10web_search21validate_query_safety
FN:37,_RNvNtNtNtCsgYtBEIaUujk_14openrouter_api5utils10validation10web_search22validate_query_content
FN:113,_RNvNtNtNtCsgYtBEIaUujk_14openrouter_api5utils10validation10web_search24has_excessive_repetition
FN:137,_RNvNtNtNtCsgYtBEIaUujk_14openrouter_api5utils10validation10web_search24looks_like_url_injection
FN:183,_RNvNtNtNtCsgYtBEIaUujk_14openrouter_api5utils10validation10web_search25estimate_query_complexity
FN:20,_RNvNtNtNtCsgYtBEIaUujk_14openrouter_api5utils10validation10web_search27validate_web_search_request
FN:215,_RNvNtNtNtCsgYtBEIaUujk_14openrouter_api5utils10validation10web_search31validate_results_for_complexity
FN:147,_RNvNtNtNtCsgYtBEIaUujk_14openrouter_api5utils10validation10web_search38validate_and_suggest_query_improvement
FN:48,_RNCNvNtNtNtCsgYtBEIaUujk_14openrouter_api5utils10validation10web_search22validate_query_content0B9_
FN:166,_RNCNvNtNtNtCsgYtBEIaUujk_14openrouter_api5utils10validation10web_search38validate_and_suggest_query_improvement0B9_
FN:242,_RNvNtNtNtNtCsgYtBEIaUujk_14openrouter_api5utils10validation10web_search5tests31create_valid_web_search_request
FN:319,_RNvNtNtNtNtCsgYtBEIaUujk_14openrouter_api5utils10validation10web_search5testss_29test_has_excessive_repetition
FN:326,_RNvNtNtNtNtCsgYtBEIaUujk_14openrouter_api5utils10validation10web_search5testss_29test_looks_like_url_injection
FN:334,_RNvNtNtNtNtCsgYtBEIaUujk_14openrouter_api5utils10validation10web_search5testss_30test_estimate_query_complexity
FN:348,_RNvNtNtNtNtCsgYtBEIaUujk_14openrouter_api5utils10validation10web_search5testss_36test_validate_results_for_complexity
FN:250,_RNvNtNtNtNtCsgYtBEIaUujk_14openrouter_api5utils10validation10web_search5testss_38test_validate_web_search_request_valid
FN:270,_RNvNtNtNtNtCsgYtBEIaUujk_14openrouter_api5utils10validation10web_search5testss_41test_validate_web_search_request_too_long
FN:364,_RNvNtNtNtNtCsgYtBEIaUujk_14openrouter_api5utils10validation10web_search5testss_43test_validate_and_suggest_query_improvement
FN:256,_RNvNtNtNtNtCsgYtBEIaUujk_14openrouter_api5utils10validation10web_search5testss_44test_validate_web_search_request_empty_query
FN:291,_RNvNtNtNtNtCsgYtBEIaUujk_14openrouter_api5utils10validation10web_search5testss_44test_validate_web_search_request_script_tags
FN:312,_RNvNtNtNtNtCsgYtBEIaUujk_14openrouter_api5utils10validation10web_search5testss_45test_validate_web_search_request_zero_results
FN:298,_RNvNtNtNtNtCsgYtBEIaUujk_14openrouter_api5utils10validation10web_search5testss_46test_validate_web_search_request_valid_results
FN:277,_RNvNtNtNtNtCsgYtBEIaUujk_14openrouter_api5utils10validation10web_search5testss_48test_validate_web_search_request_no_alphanumeric
FN:305,_RNvNtNtNtNtCsgYtBEIaUujk_14openrouter_api5utils10validation10web_search5testss_49test_validate_web_search_request_too_many_results
FN:263,_RNvNtNtNtNtCsgYtBEIaUujk_14openrouter_api5utils10validation10web_search5testss_49test_validate_web_search_request_whitespace_query
FN:284,_RNvNtNtNtNtCsgYtBEIaUujk_14openrouter_api5utils10validation10web_search5testss_53test_validate_web_search_request_javascript_injection
FNDA:0,_RNCNvNtNtNtCsgl6iEIT30H0_14openrouter_api5utils10validation10web_search22validate_query_content0B9_
FNDA:0,_RNCNvNtNtNtCsgl6iEIT30H0_14openrouter_api5utils10validation10web_search38validate_and_suggest_query_improvement0B9_
FNDA:62,_RNvNtNtNtCsgYtBEIaUujk_14openrouter_api5utils10validation10web_search21validate_query_safety
FNDA:68,_RNvNtNtNtCsgYtBEIaUujk_14openrouter_api5utils10validation10web_search22validate_query_content
FNDA:53,_RNvNtNtNtCsgYtBEIaUujk_14openrouter_api5utils10validation10web_search24has_excessive_repetition
FNDA:51,_RNvNtNtNtCsgYtBEIaUujk_14openrouter_api5utils10validation10web_search24looks_like_url_injection
FNDA:24,_RNvNtNtNtCsgYtBEIaUujk_14openrouter_api5utils10validation10web_search25estimate_query_complexity
FNDA:76,_RNvNtNtNtCsgYtBEIaUujk_14openrouter_api5utils10validation10web_search27validate_web_search_request
FNDA:8,_RNvNtNtNtCsgYtBEIaUujk_14openrouter_api5utils10validation10web_search31validate_results_for_complexity
FNDA:8,_RNvNtNtNtCsgYtBEIaUujk_14openrouter_api5utils10validation10web_search38validate_and_suggest_query_improvement
FNDA:103,_RNCNvNtNtNtCsgYtBEIaUujk_14openrouter_api5utils10validation10web_search22validate_query_content0B9_
FNDA:25,_RNCNvNtNtNtCsgYtBEIaUujk_14openrouter_api5utils10validation10web_search38validate_and_suggest_query_improvement0B9_
FNDA:10,_RNvNtNtNtNtCsgYtBEIaUujk_14openrouter_api5utils10validation10web_search5tests31create_valid_web_search_request
FNDA:1,_RNvNtNtNtNtCsgYtBEIaUujk_14openrouter_api5utils10validation10web_search5testss_29test_has_excessive_repetition
FNDA:1,_RNvNtNtNtNtCsgYtBEIaUujk_14openrouter_api5utils10validation10web_search5testss_29test_looks_like_url_injection
FNDA:1,_RNvNtNtNtNtCsgYtBEIaUujk_14openrouter_api5utils10validation10web_search5testss_30test_estimate_query_complexity
FNDA:1,_RNvNtNtNtNtCsgYtBEIaUujk_14openrouter_api5utils10validation10web_search5testss_36test_validate_results_for_complexity
FNDA:1,_RNvNtNtNtNtCsgYtBEIaUujk_14openrouter_api5utils10validation10web_search5testss_38test_validate_web_search_request_valid
FNDA:1,_RNvNtNtNtNtCsgYtBEIaUujk_14openrouter_api5utils10validation10web_search5testss_41test_validate_web_search_request_too_long
FNDA:1,_RNvNtNtNtNtCsgYtBEIaUujk_14openrouter_api5utils10validation10web_search5testss_43test_validate_and_suggest_query_improvement
FNDA:1,_RNvNtNtNtNtCsgYtBEIaUujk_14openrouter_api5utils10validation10web_search5testss_44test_validate_web_search_request_empty_query
FNDA:1,_RNvNtNtNtNtCsgYtBEIaUujk_14openrouter_api5utils10validation10web_search5testss_44test_validate_web_search_request_script_tags
FNDA:1,_RNvNtNtNtNtCsgYtBEIaUujk_14openrouter_api5utils10validation10web_search5testss_45test_validate_web_search_request_zero_results
FNDA:1,_RNvNtNtNtNtCsgYtBEIaUujk_14openrouter_api5utils10validation10web_search5testss_46test_validate_web_search_request_valid_results
FNDA:1,_RNvNtNtNtNtCsgYtBEIaUujk_14openrouter_api5utils10validation10web_search5testss_48test_validate_web_search_request_no_alphanumeric
FNDA:1,_RNvNtNtNtNtCsgYtBEIaUujk_14openrouter_api5utils10validation10web_search5testss_49test_validate_web_search_request_too_many_results
FNDA:1,_RNvNtNtNtNtCsgYtBEIaUujk_14openrouter_api5utils10validation10web_search5testss_49test_validate_web_search_request_whitespace_query
FNDA:1,_RNvNtNtNtNtCsgYtBEIaUujk_14openrouter_api5utils10validation10web_search5testss_53test_validate_web_search_request_javascript_injection
FNF:26
FNH:26
DA:20,76
DA:22,76
DA:23,70
DA:26,68
DA:29,40
DA:30,31
DA:31,9
DA:33,35
DA:34,76
DA:37,68
DA:38,68
DA:41,68
DA:42,0
DA:43,0
DA:44,0
DA:45,68
DA:48,103
DA:49,68
DA:50,6
DA:51,6
DA:52,6
DA:53,62
DA:56,62
DA:58,40
DA:59,68
DA:62,62
DA:64,62
DA:67,62
DA:68,62
DA:69,62
DA:70,62
DA:71,62
DA:72,62
DA:73,62
DA:74,62
DA:75,62
DA:76,62
DA:77,62
DA:78,62
DA:79,62
DA:80,62
DA:81,62
DA:82,62
DA:83,62
DA:86,775
DA:87,735
DA:88,22
DA:89,22
DA:90,22
DA:91,22
DA:92,713
DA:96,40
DA:97,0
DA:98,0
DA:99,0
DA:100,40
DA:103,40
DA:104,0
DA:105,0
DA:106,0
DA:107,40
DA:109,40
DA:110,62
DA:113,53
DA:114,53
DA:115,53
DA:116,10
DA:117,43
DA:120,43
DA:121,43
DA:123,1954
DA:124,1954
DA:125,130
DA:126,130
DA:127,1824
DA:128,1824
DA:129,1824
DA:133,43
DA:134,53
DA:137,51
DA:139,51
DA:140,51
DA:143,51
DA:144,51
DA:147,8
DA:148,8
DA:149,8
DA:150,8
DA:151,8
DA:153,8
DA:156,8
DA:157,2
DA:158,2
DA:159,6
DA:163,8
DA:164,4
DA:165,4
DA:166,25
DA:167,3
DA:168,3
DA:169,5
DA:171,8
DA:172,7
DA:173,7
DA:174,1
DA:175,1
DA:176,1
DA:177,7
DA:179,8
DA:180,8
DA:183,24
DA:184,24
DA:187,24
DA:188,8
DA:189,16
DA:192,24
DA:193,9
DA:194,15
DA:197,24
DA:198,9
DA:199,15
DA:202,24
DA:203,9
DA:204,15
DA:207,24
DA:208,6
DA:209,18
DA:211,24
DA:212,24
DA:215,8
DA:216,8
DA:218,8
DA:220,8
DA:221,8
DA:222,4
DA:223,3
DA:224,3
DA:227,8
DA:228,3
DA:229,3
DA:230,3
DA:231,3
DA:232,5
DA:233,0
DA:235,5
DA:236,8
DA:242,10
DA:243,10
DA:244,10
DA:245,10
DA:246,10
DA:247,10
DA:250,1
DA:251,1
DA:252,1
DA:253,1
DA:256,1
DA:257,1
DA:258,1
DA:259,1
DA:260,1
DA:263,1
DA:264,1
DA:265,1
DA:266,1
DA:267,1
DA:270,1
DA:271,1
DA:272,1
DA:273,1
DA:274,1
DA:277,1
DA:278,1
DA:279,1
DA:280,1
DA:281,1
DA:284,1
DA:285,1
DA:286,1
DA:287,1
DA:288,1
DA:291,1
DA:292,1
DA:293,1
DA:294,1
DA:295,1
DA:298,1
DA:299,1
DA:300,1
DA:301,1
DA:302,1
DA:305,1
DA:306,1
DA:307,1
DA:308,1
DA:309,1
DA:312,1
DA:313,1
DA:314,1
DA:315,1
DA:316,1
DA:319,1
DA:320,1
DA:321,1
DA:322,1
DA:323,1
DA:326,1
DA:327,1
DA:328,1
DA:329,1
DA:331,1
DA:334,1
DA:335,1
DA:336,1
DA:337,1
DA:338,1
DA:342,1
DA:343,1
DA:344,1
DA:345,1
DA:348,1
DA:349,1
DA:350,1
DA:351,1
DA:352,1
DA:353,1
DA:355,1
DA:356,1
DA:357,1
DA:358,1
DA:359,1
DA:360,1
DA:361,1
DA:364,1
DA:365,1
DA:366,1
DA:368,1
DA:369,1
DA:371,1
DA:372,1
DA:373,1
BRF:0
BRH:0
LF:243
LH:233
end_of_record
SF:/Volumes/Everything/Development/openrouter_api/src/utils/validation/web_search_tests.rs
FN:343,_RNCNvNtNtNtNtCsgYtBEIaUujk_14openrouter_api5utils10validation16web_search_tests5testss_43test_validate_and_suggest_query_improvement0Bb_
FN:353,_RNCNvNtNtNtNtCsgYtBEIaUujk_14openrouter_api5utils10validation16web_search_tests5testss_43test_validate_and_suggest_query_improvements0_0Bb_
FN:348,_RNCNvNtNtNtNtCsgYtBEIaUujk_14openrouter_api5utils10validation16web_search_tests5testss_43test_validate_and_suggest_query_improvements_0Bb_
FN:14,_RNvNtNtNtNtCsgYtBEIaUujk_14openrouter_api5utils10validation16web_search_tests5tests31create_valid_web_search_request
FN:217,_RNvNtNtNtNtCsgYtBEIaUujk_14openrouter_api5utils10validation16web_search_tests5testss_29test_has_excessive_repetition
FN:243,_RNvNtNtNtNtCsgYtBEIaUujk_14openrouter_api5utils10validation16web_search_tests5testss_29test_looks_like_url_injection
FN:274,_RNvNtNtNtNtCsgYtBEIaUujk_14openrouter_api5utils10validation16web_search_tests5testss_30test_estimate_query_complexity
FN:299,_RNvNtNtNtNtCsgYtBEIaUujk_14openrouter_api5utils10validation16web_search_tests5testss_36test_validate_results_for_complexity
FN:22,_RNvNtNtNtNtCsgYtBEIaUujk_14openrouter_api5utils10validation16web_search_tests5testss_38test_validate_web_search_request_valid
FN:369,_RNvNtNtNtNtCsgYtBEIaUujk_14openrouter_api5utils10validation16web_search_tests5testss_40test_validate_web_search_request_unicode
FN:118,_RNvNtNtNtNtCsgYtBEIaUujk_14openrouter_api5utils10validation16web_search_tests5testss_41test_validate_web_search_request_data_uri
FN:67,_RNvNtNtNtNtCsgYtBEIaUujk_14openrouter_api5utils10validation16web_search_tests5testss_41test_validate_web_search_request_too_long
FN:339,_RNvNtNtNtNtCsgYtBEIaUujk_14openrouter_api5utils10validation16web_search_tests5testss_43test_validate_and_suggest_query_improvement
FN:386,_RNvNtNtNtNtCsgYtBEIaUujk_14openrouter_api5utils10validation16web_search_tests5testss_43test_validate_web_search_request_edge_cases
FN:210,_RNvNtNtNtNtCsgYtBEIaUujk_14openrouter_api5utils10validation16web_search_tests5testss_43test_validate_web_search_request_no_results
FN:28,_RNvNtNtNtNtCsgYtBEIaUujk_14openrouter_api5utils10validation16web_search_tests5testss_44test_validate_web_search_request_empty_query
FN:133,_RNvNtNtNtNtCsgYtBEIaUujk_14openrouter_api5utils10validation16web_search_tests5testss_44test_validate_web_search_request_script_tags
FN:203,_RNvNtNtNtNtCsgYtBEIaUujk_14openrouter_api5utils10validation16web_search_tests5testss_45test_validate_web_search_request_zero_results
FN:404,_RNvNtNtNtNtCsgYtBEIaUujk_14openrouter_api5utils10validation16web_search_tests5testss_46test_validate_web_search_request_comprehensive
FN:166,_RNvNtNtNtNtCsgYtBEIaUujk_14openrouter_api5utils10validation16web_search_tests5testss_46test_validate_web_search_request_eval_attempts
FN:182,_RNvNtNtNtNtCsgYtBEIaUujk_14openrouter_api5utils10validation16web_search_tests5testss_46test_validate_web_search_request_valid_results
FN:149,_RNvNtNtNtNtCsgYtBEIaUujk_14openrouter_api5utils10validation16web_search_tests5testss_47test_validate_web_search_request_event_handlers
FN:56,_RNvNtNtNtNtCsgYtBEIaUujk_14openrouter_api5utils10validation16web_search_tests5testss_47test_validate_web_search_request_maximum_length
FN:49,_RNvNtNtNtNtCsgYtBEIaUujk_14openrouter_api5utils10validation16web_search_tests5testss_47test_validate_web_search_request_minimum_length
FN:74,_RNvNtNtNtNtCsgYtBEIaUujk_14openrouter_api5utils10validation16web_search_tests5testss_48test_validate_web_search_request_no_alphanumeric
FN:193,_RNvNtNtNtNtCsgYtBEIaUujk_14openrouter_api5utils10validation16web_search_tests5testss_49test_validate_web_search_request_too_many_results
FN:35,_RNvNtNtNtNtCsgYtBEIaUujk_14openrouter_api5utils10validation16web_search_tests5testss_49test_validate_web_search_request_whitespace_query
FN:42,_RNvNtNtNtNtCsgYtBEIaUujk_14openrouter_api5utils10validation16web_search_tests5testss_50test_validate_web_search_request_tab_newline_query
FN:85,_RNvNtNtNtNtCsgYtBEIaUujk_14openrouter_api5utils10validation16web_search_tests5testss_50test_validate_web_search_request_with_alphanumeric
FN:102,_RNvNtNtNtNtCsgYtBEIaUujk_14openrouter_api5utils10validation16web_search_tests5testss_53test_validate_web_search_request_javascript_injection
FNDA:1,_RNCNvNtNtNtNtCsgYtBEIaUujk_14openrouter_api5utils10validation16web_search_tests5testss_43test_validate_and_suggest_query_improvement0Bb_
FNDA:1,_RNCNvNtNtNtNtCsgYtBEIaUujk_14openrouter_api5utils10validation16web_search_tests5testss_43test_validate_and_suggest_query_improvements0_0Bb_
FNDA:1,_RNCNvNtNtNtNtCsgYtBEIaUujk_14openrouter_api5utils10validation16web_search_tests5testss_43test_validate_and_suggest_query_improvements_0Bb_
FNDA:56,_RNvNtNtNtNtCsgYtBEIaUujk_14openrouter_api5utils10validation16web_search_tests5tests31create_valid_web_search_request
FNDA:1,_RNvNtNtNtNtCsgYtBEIaUujk_14openrouter_api5utils10validation16web_search_tests5testss_29test_has_excessive_repetition
FNDA:1,_RNvNtNtNtNtCsgYtBEIaUujk_14openrouter_api5utils10validation16web_search_tests5testss_29test_looks_like_url_injection
FNDA:1,_RNvNtNtNtNtCsgYtBEIaUujk_14openrouter_api5utils10validation16web_search_tests5testss_30test_estimate_query_complexity
FNDA:1,_RNvNtNtNtNtCsgYtBEIaUujk_14openrouter_api5utils10validation16web_search_tests5testss_36test_validate_results_for_complexity
FNDA:1,_RNvNtNtNtNtCsgYtBEIaUujk_14openrouter_api5utils10validation16web_search_tests5testss_38test_validate_web_search_request_valid
FNDA:1,_RNvNtNtNtNtCsgYtBEIaUujk_14openrouter_api5utils10validation16web_search_tests5testss_40test_validate_web_search_request_unicode
FNDA:1,_RNvNtNtNtNtCsgYtBEIaUujk_14openrouter_api5utils10validation16web_search_tests5testss_41test_validate_web_search_request_data_uri
FNDA:1,_RNvNtNtNtNtCsgYtBEIaUujk_14openrouter_api5utils10validation16web_search_tests5testss_41test_validate_web_search_request_too_long
FNDA:1,_RNvNtNtNtNtCsgYtBEIaUujk_14openrouter_api5utils10validation16web_search_tests5testss_43test_validate_and_suggest_query_improvement
FNDA:1,_RNvNtNtNtNtCsgYtBEIaUujk_14openrouter_api5utils10validation16web_search_tests5testss_43test_validate_web_search_request_edge_cases
FNDA:1,_RNvNtNtNtNtCsgYtBEIaUujk_14openrouter_api5utils10validation16web_search_tests5testss_43test_validate_web_search_request_no_results
FNDA:1,_RNvNtNtNtNtCsgYtBEIaUujk_14openrouter_api5utils10validation16web_search_tests5testss_44test_validate_web_search_request_empty_query
FNDA:1,_RNvNtNtNtNtCsgYtBEIaUujk_14openrouter_api5utils10validation16web_search_tests5testss_44test_validate_web_search_request_script_tags
FNDA:1,_RNvNtNtNtNtCsgYtBEIaUujk_14openrouter_api5utils10validation16web_search_tests5testss_45test_validate_web_search_request_zero_results
FNDA:1,_RNvNtNtNtNtCsgYtBEIaUujk_14openrouter_api5utils10validation16web_search_tests5testss_46test_validate_web_search_request_comprehensive
FNDA:1,_RNvNtNtNtNtCsgYtBEIaUujk_14openrouter_api5utils10validation16web_search_tests5testss_46test_validate_web_search_request_eval_attempts
FNDA:1,_RNvNtNtNtNtCsgYtBEIaUujk_14openrouter_api5utils10validation16web_search_tests5testss_46test_validate_web_search_request_valid_results
FNDA:1,_RNvNtNtNtNtCsgYtBEIaUujk_14openrouter_api5utils10validation16web_search_tests5testss_47test_validate_web_search_request_event_handlers
FNDA:1,_RNvNtNtNtNtCsgYtBEIaUujk_14openrouter_api5utils10validation16web_search_tests5testss_47test_validate_web_search_request_maximum_length
FNDA:1,_RNvNtNtNtNtCsgYtBEIaUujk_14openrouter_api5utils10validation16web_search_tests5testss_47test_validate_web_search_request_minimum_length
FNDA:1,_RNvNtNtNtNtCsgYtBEIaUujk_14openrouter_api5utils10validation16web_search_tests5testss_48test_validate_web_search_request_no_alphanumeric
FNDA:1,_RNvNtNtNtNtCsgYtBEIaUujk_14openrouter_api5utils10validation16web_search_tests5testss_49test_validate_web_search_request_too_many_results
FNDA:1,_RNvNtNtNtNtCsgYtBEIaUujk_14openrouter_api5utils10validation16web_search_tests5testss_49test_validate_web_search_request_whitespace_query
FNDA:1,_RNvNtNtNtNtCsgYtBEIaUujk_14openrouter_api5utils10validation16web_search_tests5testss_50test_validate_web_search_request_tab_newline_query
FNDA:1,_RNvNtNtNtNtCsgYtBEIaUujk_14openrouter_api5utils10validation16web_search_tests5testss_50test_validate_web_search_request_with_alphanumeric
FNDA:1,_RNvNtNtNtNtCsgYtBEIaUujk_14openrouter_api5utils10validation16web_search_tests5testss_53test_validate_web_search_request_javascript_injection
FNF:30
FNH:30
DA:14,56
DA:15,56
DA:16,56
DA:17,56
DA:18,56
DA:19,56
DA:22,1
DA:23,1
DA:24,1
DA:25,1
DA:28,1
DA:29,1
DA:30,1
DA:31,1
DA:32,1
DA:35,1
DA:36,1
DA:37,1
DA:38,1
DA:39,1
DA:42,1
DA:43,1
DA:44,1
DA:45,1
DA:46,1
DA:49,1
DA:50,1
DA:51,1
DA:52,1
DA:53,1
DA:56,1
DA:57,1
DA:59,1
DA:60,1
DA:61,1
DA:62,1
DA:63,1
DA:64,1
DA:67,1
DA:68,1
DA:69,1
DA:70,1
DA:71,1
DA:74,1
DA:75,1
DA:77,7
DA:78,6
DA:79,6
DA:80,6
DA:82,1
DA:85,1
DA:86,1
DA:87,1
DA:88,1
DA:89,1
DA:90,1
DA:91,1
DA:92,1
DA:94,6
DA:95,5
DA:96,5
DA:97,5
DA:99,1
DA:102,1
DA:103,1
DA:104,1
DA:105,1
DA:106,1
DA:107,1
DA:108,1
DA:110,5
DA:111,4
DA:112,4
DA:113,4
DA:115,1
DA:118,1
DA:119,1
DA:120,1
DA:121,1
DA:122,1
DA:123,1
DA:125,4
DA:126,3
DA:127,3
DA:128,3
DA:130,1
DA:133,1
DA:134,1
DA:135,1
DA:136,1
DA:137,1
DA:138,1
DA:139,1
DA:141,5
DA:142,4
DA:143,4
DA:144,4
DA:146,1
DA:149,1
DA:150,1
DA:151,1
DA:152,1
DA:153,1
DA:154,1
DA:155,1
DA:156,1
DA:158,6
DA:159,5
DA:160,5
DA:161,5
DA:163,1
DA:166,1
DA:167,1
DA:168,1
DA:169,1
DA:170,1
DA:171,1
DA:172,1
DA:174,5
DA:175,4
DA:176,4
DA:177,4
DA:179,1
DA:182,1
DA:183,1
DA:185,7
DA:186,6
DA:187,6
DA:188,6
DA:190,1
DA:193,1
DA:194,1
DA:195,1
DA:196,1
DA:198,1
DA:199,1
DA:200,1
DA:203,1
DA:204,1
DA:205,1
DA:206,1
DA:207,1
DA:210,1
DA:211,1
DA:212,1
DA:213,1
DA:214,1
DA:217,1
DA:218,1
DA:219,1
DA:220,1
DA:221,1
DA:222,1
DA:223,1
DA:224,1
DA:225,1
DA:226,1
DA:227,1
DA:228,1
DA:229,1
DA:231,11
DA:232,10
DA:233,10
DA:235,0
DA:240,1
DA:243,1
DA:244,1
DA:245,1
DA:246,1
DA:247,1
DA:248,1
DA:249,1
DA:250,1
DA:251,1
DA:252,1
DA:253,1
DA:254,1
DA:255,1
DA:256,1
DA:257,1
DA:258,1
DA:259,1
DA:260,1
DA:262,10
DA:263,9
DA:264,9
DA:266,0
DA:271,1
DA:274,1
DA:275,1
DA:276,1
DA:277,1
DA:278,1
DA:279,1
DA:280,1
DA:281,1
DA:282,1
DA:283,1
DA:284,1
DA:285,1
DA:286,1
DA:288,11
DA:289,10
DA:290,10
DA:292,0
DA:296,1
DA:299,1
DA:301,1
DA:302,1
DA:303,1
DA:304,1
DA:305,1
DA:308,1
DA:309,1
DA:310,1
DA:311,1
DA:312,1
DA:315,1
DA:316,1
DA:317,1
DA:318,1
DA:319,1
DA:322,1
DA:323,1
DA:324,1
DA:325,1
DA:326,1
DA:327,1
DA:330,1
DA:331,1
DA:332,1
DA:333,1
DA:334,1
DA:335,1
DA:336,1
DA:339,1
DA:341,1
DA:342,1
DA:343,1
DA:346,1
DA:347,1
DA:348,1
DA:351,1
DA:352,1
DA:353,1
DA:356,1
DA:357,1
DA:359,1
DA:360,1
DA:363,1
DA:364,1
DA:365,1
DA:366,1
DA:369,1
DA:370,1
DA:371,1
DA:372,1
DA:373,1
DA:374,1
DA:375,1
DA:376,1
DA:378,6
DA:379,5
DA:380,5
DA:381,5
DA:383,1
DA:386,1
DA:388,1
DA:389,1
DA:390,1
DA:393,1
DA:394,1
DA:395,1
DA:398,1
DA:399,1
DA:400,1
DA:401,1
DA:404,1
DA:405,1
DA:406,1
DA:407,1
DA:409,1
DA:412,1
DA:415,1
DA:416,1
DA:417,1
BRF:0
BRH:0
LF:289
LH:286
end_of_record